\BOOKMARK [1][-]{section.1}{\376\377\000I\000n\000t\000r\000o\000d\000u\000c\000t\000i\000o\000n}{}% 1
\BOOKMARK [2][-]{subsection.1.1}{\376\377\000O\000b\000j\000e\000c\000t\000i\000v\000e}{section.1}% 2
\BOOKMARK [2][-]{subsection.1.2}{\376\377\000S\000y\000s\000t\000e\000m\000\040\000B\000l\000o\000c\000k\000\040\000D\000i\000a\000g\000r\000a\000m\000s}{section.1}% 3
\BOOKMARK [1][-]{section.2}{\376\377\000I\000n\000v\000e\000s\000t\000i\000g\000a\000t\000i\000o\000n}{}% 4
\BOOKMARK [2][-]{subsection.2.1}{\376\377\000I\000d\000e\000a\000\040\000G\000e\000n\000e\000r\000a\000t\000i\000o\000n}{section.2}% 5
\BOOKMARK [2][-]{subsection.2.2}{\376\377\000I\000n\000v\000e\000s\000t\000i\000g\000a\000t\000i\000o\000n\000\040\000D\000e\000s\000i\000g\000n}{section.2}% 6
\BOOKMARK [2][-]{subsection.2.3}{\376\377\000D\000a\000t\000a\000\040\000C\000o\000l\000l\000e\000c\000t\000i\000o\000n}{section.2}% 7
\BOOKMARK [2][-]{subsection.2.4}{\376\377\000D\000a\000t\000a\000\040\000S\000y\000n\000t\000h\000e\000s\000i\000s}{section.2}% 8
\BOOKMARK [2][-]{subsection.2.5}{\376\377\000A\000n\000a\000l\000y\000s\000i\000s\000\040\000o\000f\000\040\000R\000e\000s\000u\000l\000t\000s}{section.2}% 9
\BOOKMARK [1][-]{section.3}{\376\377\000D\000e\000s\000i\000g\000n}{}% 10
\BOOKMARK [2][-]{subsection.3.1}{\376\377\000U\000s\000e\000\040\000o\000f\000\040\000P\000r\000o\000c\000e\000s\000s}{section.3}% 11
\BOOKMARK [2][-]{subsection.3.2}{\376\377\000N\000e\000e\000d\000\040\000a\000n\000d\000\040\000C\000o\000n\000s\000t\000r\000a\000i\000n\000t\000\040\000I\000d\000e\000n\000t\000i\000f\000i\000c\000a\000t\000i\000o\000n}{section.3}% 12
\BOOKMARK [2][-]{subsection.3.3}{\376\377\000P\000r\000o\000b\000l\000e\000m\000\040\000S\000p\000e\000c\000i\000f\000i\000c\000a\000t\000i\000o\000n}{section.3}% 13
\BOOKMARK [2][-]{subsection.3.4}{\376\377\000S\000o\000l\000u\000t\000i\000o\000n\000\040\000G\000e\000n\000e\000r\000a\000t\000i\000o\000n}{section.3}% 14
\BOOKMARK [2][-]{subsection.3.5}{\376\377\000S\000o\000l\000u\000t\000i\000o\000n\000\040\000E\000v\000a\000l\000u\000a\000t\000i\000o\000n}{section.3}% 15
\BOOKMARK [2][-]{subsection.3.6}{\376\377\000S\000a\000f\000e\000t\000y\000/\000P\000r\000o\000f\000e\000s\000s\000i\000o\000n\000a\000l\000i\000s\000m}{section.3}% 16
\BOOKMARK [2][-]{subsection.3.7}{\376\377\000D\000e\000t\000a\000i\000l\000e\000d\000\040\000D\000e\000s\000i\000g\000n}{section.3}% 17
\BOOKMARK [3][-]{subsubsection.3.7.1}{\376\377\000H\000a\000r\000d\000w\000a\000r\000e\000\040\000D\000e\000s\000i\000g\000n}{subsection.3.7}% 18
\BOOKMARK [3][-]{subsubsection.3.7.2}{\376\377\000F\000i\000r\000m\000w\000a\000r\000e\000\040\000D\000e\000s\000i\000g\000n}{subsection.3.7}% 19
\BOOKMARK [2][-]{subsection.3.8}{\376\377\000S\000o\000l\000u\000t\000i\000o\000n\000\040\000A\000s\000s\000e\000s\000s\000m\000e\000n\000t}{section.3}% 20
\BOOKMARK [1][-]{section.4}{\376\377\000L\000i\000f\000e\000\040\000L\000o\000n\000g\000\040\000L\000e\000a\000r\000n\000i\000n\000g}{}% 21
\BOOKMARK [1][-]{section.5}{\376\377\000C\000o\000n\000c\000l\000u\000s\000i\000o\000n\000s}{}% 22
\BOOKMARK [1][-]{section.6}{\376\377\000R\000e\000f\000e\000r\000e\000n\000c\000e\000s}{}% 23
\BOOKMARK [1][-]{section.7}{\376\377\000A\000p\000p\000e\000n\000d\000i\000x}{}% 24
