0000              1   ;--------------------------------------------------------
0000              2   ; File Created by C51
0000              3   ; Version 1.0.0 #1170 (Feb 16 2022) (MSVC)
0000              4   ; This file was generated Wed Mar 27 11:59:01 2024
0000              5   ;--------------------------------------------------------
                  5   $name ADC
                  6   $optc51 --model-small
                  7   $printf_float
0000              9            R_DSEG    segment data
0000             10            R_CSEG    segment code
0000             11            R_BSEG    segment bit
0000             12            R_XSEG    segment xdata
0000             13            R_PSEG    segment xdata
0000             14            R_ISEG    segment idata
0000             15            R_OSEG    segment data overlay
0000             16            BIT_BANK  segment data overlay
0000             17            R_HOME    segment code
0000             18            R_GSINIT  segment code
0000             19            R_IXSEG   segment xdata
0000             20            R_CONST   segment code
0000             21            R_XINIT   segment code
0000             22            R_DINIT   segment code
0000             23   
0000             24   ;--------------------------------------------------------
0000             25   ; Public variables in this module
0000             26   ;--------------------------------------------------------
0000             27            public _InitPinADC_PARM_2
0000             28            public _main
0000             29            public _Volts_at_Pin
0000             30            public _ADC_at_Pin
0000             31            public _InitPinADC
0000             32            public _waitms
0000             33            public _Timer3us
0000             34            public _InitADC
0000             35            public __c51_external_startup
0000             36   ;--------------------------------------------------------
0000             37   ; Special Function Registers
0000             38   ;--------------------------------------------------------
0000             39   _ACC            DATA 0xe0
0000             40   _ADC0ASAH       DATA 0xb6
0000             41   _ADC0ASAL       DATA 0xb5
0000             42   _ADC0ASCF       DATA 0xa1
0000             43   _ADC0ASCT       DATA 0xc7
0000             44   _ADC0CF0        DATA 0xbc
0000             45   _ADC0CF1        DATA 0xb9
0000             46   _ADC0CF2        DATA 0xdf
0000             47   _ADC0CN0        DATA 0xe8
0000             48   _ADC0CN1        DATA 0xb2
0000             49   _ADC0CN2        DATA 0xb3
0000             50   _ADC0GTH        DATA 0xc4
0000             51   _ADC0GTL        DATA 0xc3
0000             52   _ADC0H          DATA 0xbe
0000             53   _ADC0L          DATA 0xbd
0000             54   _ADC0LTH        DATA 0xc6
0000             55   _ADC0LTL        DATA 0xc5
0000             56   _ADC0MX         DATA 0xbb
0000             57   _B              DATA 0xf0
0000             58   _CKCON0         DATA 0x8e
0000             59   _CKCON1         DATA 0xa6
0000             60   _CLEN0          DATA 0xc6
0000             61   _CLIE0          DATA 0xc7
0000             62   _CLIF0          DATA 0xe8
0000             63   _CLKSEL         DATA 0xa9
0000             64   _CLOUT0         DATA 0xd1
0000             65   _CLU0CF         DATA 0xb1
0000             66   _CLU0FN         DATA 0xaf
0000             67   _CLU0MX         DATA 0x84
0000             68   _CLU1CF         DATA 0xb3
0000             69   _CLU1FN         DATA 0xb2
0000             70   _CLU1MX         DATA 0x85
0000             71   _CLU2CF         DATA 0xb6
0000             72   _CLU2FN         DATA 0xb5
0000             73   _CLU2MX         DATA 0x91
0000             74   _CLU3CF         DATA 0xbf
0000             75   _CLU3FN         DATA 0xbe
0000             76   _CLU3MX         DATA 0xae
0000             77   _CMP0CN0        DATA 0x9b
0000             78   _CMP0CN1        DATA 0x99
0000             79   _CMP0MD         DATA 0x9d
0000             80   _CMP0MX         DATA 0x9f
0000             81   _CMP1CN0        DATA 0xbf
0000             82   _CMP1CN1        DATA 0xac
0000             83   _CMP1MD         DATA 0xab
0000             84   _CMP1MX         DATA 0xaa
0000             85   _CRC0CN0        DATA 0xce
0000             86   _CRC0CN1        DATA 0x86
0000             87   _CRC0CNT        DATA 0xd3
0000             88   _CRC0DAT        DATA 0xcb
0000             89   _CRC0FLIP       DATA 0xcf
0000             90   _CRC0IN         DATA 0xca
0000             91   _CRC0ST         DATA 0xd2
0000             92   _DAC0CF0        DATA 0x91
0000             93   _DAC0CF1        DATA 0x92
0000             94   _DAC0H          DATA 0x85
0000             95   _DAC0L          DATA 0x84
0000             96   _DAC1CF0        DATA 0x93
0000             97   _DAC1CF1        DATA 0x94
0000             98   _DAC1H          DATA 0x8a
0000             99   _DAC1L          DATA 0x89
0000            100   _DAC2CF0        DATA 0x95
0000            101   _DAC2CF1        DATA 0x96
0000            102   _DAC2H          DATA 0x8c
0000            103   _DAC2L          DATA 0x8b
0000            104   _DAC3CF0        DATA 0x9a
0000            105   _DAC3CF1        DATA 0x9c
0000            106   _DAC3H          DATA 0x8e
0000            107   _DAC3L          DATA 0x8d
0000            108   _DACGCF0        DATA 0x88
0000            109   _DACGCF1        DATA 0x98
0000            110   _DACGCF2        DATA 0xa2
0000            111   _DERIVID        DATA 0xad
0000            112   _DEVICEID       DATA 0xb5
0000            113   _DPH            DATA 0x83
0000            114   _DPL            DATA 0x82
0000            115   _EIE1           DATA 0xe6
0000            116   _EIE2           DATA 0xf3
0000            117   _EIP1           DATA 0xbb
0000            118   _EIP1H          DATA 0xee
0000            119   _EIP2           DATA 0xed
0000            120   _EIP2H          DATA 0xf6
0000            121   _EMI0CN         DATA 0xe7
0000            122   _FLKEY          DATA 0xb7
0000            123   _HFO0CAL        DATA 0xc7
0000            124   _HFO1CAL        DATA 0xd6
0000            125   _HFOCN          DATA 0xef
0000            126   _I2C0ADM        DATA 0xff
0000            127   _I2C0CN0        DATA 0xba
0000            128   _I2C0DIN        DATA 0xbc
0000            129   _I2C0DOUT       DATA 0xbb
0000            130   _I2C0FCN0       DATA 0xad
0000            131   _I2C0FCN1       DATA 0xab
0000            132   _I2C0FCT        DATA 0xf5
0000            133   _I2C0SLAD       DATA 0xbd
0000            134   _I2C0STAT       DATA 0xb9
0000            135   _IE             DATA 0xa8
0000            136   _IP             DATA 0xb8
0000            137   _IPH            DATA 0xf2
0000            138   _IT01CF         DATA 0xe4
0000            139   _LFO0CN         DATA 0xb1
0000            140   _P0             DATA 0x80
0000            141   _P0MASK         DATA 0xfe
0000            142   _P0MAT          DATA 0xfd
0000            143   _P0MDIN         DATA 0xf1
0000            144   _P0MDOUT        DATA 0xa4
0000            145   _P0SKIP         DATA 0xd4
0000            146   _P1             DATA 0x90
0000            147   _P1MASK         DATA 0xee
0000            148   _P1MAT          DATA 0xed
0000            149   _P1MDIN         DATA 0xf2
0000            150   _P1MDOUT        DATA 0xa5
0000            151   _P1SKIP         DATA 0xd5
0000            152   _P2             DATA 0xa0
0000            153   _P2MASK         DATA 0xfc
0000            154   _P2MAT          DATA 0xfb
0000            155   _P2MDIN         DATA 0xf3
0000            156   _P2MDOUT        DATA 0xa6
0000            157   _P2SKIP         DATA 0xcc
0000            158   _P3             DATA 0xb0
0000            159   _P3MDIN         DATA 0xf4
0000            160   _P3MDOUT        DATA 0x9c
0000            161   _PCA0CENT       DATA 0x9e
0000            162   _PCA0CLR        DATA 0x9c
0000            163   _PCA0CN0        DATA 0xd8
0000            164   _PCA0CPH0       DATA 0xfc
0000            165   _PCA0CPH1       DATA 0xea
0000            166   _PCA0CPH2       DATA 0xec
0000            167   _PCA0CPH3       DATA 0xf5
0000            168   _PCA0CPH4       DATA 0x85
0000            169   _PCA0CPH5       DATA 0xde
0000            170   _PCA0CPL0       DATA 0xfb
0000            171   _PCA0CPL1       DATA 0xe9
0000            172   _PCA0CPL2       DATA 0xeb
0000            173   _PCA0CPL3       DATA 0xf4
0000            174   _PCA0CPL4       DATA 0x84
0000            175   _PCA0CPL5       DATA 0xdd
0000            176   _PCA0CPM0       DATA 0xda
0000            177   _PCA0CPM1       DATA 0xdb
0000            178   _PCA0CPM2       DATA 0xdc
0000            179   _PCA0CPM3       DATA 0xae
0000            180   _PCA0CPM4       DATA 0xaf
0000            181   _PCA0CPM5       DATA 0xcc
0000            182   _PCA0H          DATA 0xfa
0000            183   _PCA0L          DATA 0xf9
0000            184   _PCA0MD         DATA 0xd9
0000            185   _PCA0POL        DATA 0x96
0000            186   _PCA0PWM        DATA 0xf7
0000            187   _PCON0          DATA 0x87
0000            188   _PCON1          DATA 0xcd
0000            189   _PFE0CN         DATA 0xc1
0000            190   _PRTDRV         DATA 0xf6
0000            191   _PSCTL          DATA 0x8f
0000            192   _PSTAT0         DATA 0xaa
0000            193   _PSW            DATA 0xd0
0000            194   _REF0CN         DATA 0xd1
0000            195   _REG0CN         DATA 0xc9
0000            196   _REVID          DATA 0xb6
0000            197   _RSTSRC         DATA 0xef
0000            198   _SBCON1         DATA 0x94
0000            199   _SBRLH1         DATA 0x96
0000            200   _SBRLL1         DATA 0x95
0000            201   _SBUF           DATA 0x99
0000            202   _SBUF0          DATA 0x99
0000            203   _SBUF1          DATA 0x92
0000            204   _SCON           DATA 0x98
0000            205   _SCON0          DATA 0x98
0000            206   _SCON1          DATA 0xc8
0000            207   _SFRPAGE        DATA 0xa7
0000            208   _SFRPGCN        DATA 0xbc
0000            209   _SFRSTACK       DATA 0xd7
0000            210   _SMB0ADM        DATA 0xd6
0000            211   _SMB0ADR        DATA 0xd7
0000            212   _SMB0CF         DATA 0xc1
0000            213   _SMB0CN0        DATA 0xc0
0000            214   _SMB0DAT        DATA 0xc2
0000            215   _SMB0FCN0       DATA 0xc3
0000            216   _SMB0FCN1       DATA 0xc4
0000            217   _SMB0FCT        DATA 0xef
0000            218   _SMB0RXLN       DATA 0xc5
0000            219   _SMB0TC         DATA 0xac
0000            220   _SMOD1          DATA 0x93
0000            221   _SP             DATA 0x81
0000            222   _SPI0CFG        DATA 0xa1
0000            223   _SPI0CKR        DATA 0xa2
0000            224   _SPI0CN0        DATA 0xf8
0000            225   _SPI0DAT        DATA 0xa3
0000            226   _SPI0FCN0       DATA 0x9a
0000            227   _SPI0FCN1       DATA 0x9b
0000            228   _SPI0FCT        DATA 0xf7
0000            229   _SPI0PCF        DATA 0xdf
0000            230   _TCON           DATA 0x88
0000            231   _TH0            DATA 0x8c
0000            232   _TH1            DATA 0x8d
0000            233   _TL0            DATA 0x8a
0000            234   _TL1            DATA 0x8b
0000            235   _TMOD           DATA 0x89
0000            236   _TMR2CN0        DATA 0xc8
0000            237   _TMR2CN1        DATA 0xfd
0000            238   _TMR2H          DATA 0xcf
0000            239   _TMR2L          DATA 0xce
0000            240   _TMR2RLH        DATA 0xcb
0000            241   _TMR2RLL        DATA 0xca
0000            242   _TMR3CN0        DATA 0x91
0000            243   _TMR3CN1        DATA 0xfe
0000            244   _TMR3H          DATA 0x95
0000            245   _TMR3L          DATA 0x94
0000            246   _TMR3RLH        DATA 0x93
0000            247   _TMR3RLL        DATA 0x92
0000            248   _TMR4CN0        DATA 0x98
0000            249   _TMR4CN1        DATA 0xff
0000            250   _TMR4H          DATA 0xa5
0000            251   _TMR4L          DATA 0xa4
0000            252   _TMR4RLH        DATA 0xa3
0000            253   _TMR4RLL        DATA 0xa2
0000            254   _TMR5CN0        DATA 0xc0
0000            255   _TMR5CN1        DATA 0xf1
0000            256   _TMR5H          DATA 0xd5
0000            257   _TMR5L          DATA 0xd4
0000            258   _TMR5RLH        DATA 0xd3
0000            259   _TMR5RLL        DATA 0xd2
0000            260   _UART0PCF       DATA 0xd9
0000            261   _UART1FCN0      DATA 0x9d
0000            262   _UART1FCN1      DATA 0xd8
0000            263   _UART1FCT       DATA 0xfa
0000            264   _UART1LIN       DATA 0x9e
0000            265   _UART1PCF       DATA 0xda
0000            266   _VDM0CN         DATA 0xff
0000            267   _WDTCN          DATA 0x97
0000            268   _XBR0           DATA 0xe1
0000            269   _XBR1           DATA 0xe2
0000            270   _XBR2           DATA 0xe3
0000            271   _XOSC0CN        DATA 0x86
0000            272   _DPTR           DATA 0x8382
0000            273   _TMR2RL         DATA 0xcbca
0000            274   _TMR3RL         DATA 0x9392
0000            275   _TMR4RL         DATA 0xa3a2
0000            276   _TMR5RL         DATA 0xd3d2
0000            277   _TMR0           DATA 0x8c8a
0000            278   _TMR1           DATA 0x8d8b
0000            279   _TMR2           DATA 0xcfce
0000            280   _TMR3           DATA 0x9594
0000            281   _TMR4           DATA 0xa5a4
0000            282   _TMR5           DATA 0xd5d4
0000            283   _SBRL1          DATA 0x9695
0000            284   _PCA0           DATA 0xfaf9
0000            285   _PCA0CP0        DATA 0xfcfb
0000            286   _PCA0CP1        DATA 0xeae9
0000            287   _PCA0CP2        DATA 0xeceb
0000            288   _PCA0CP3        DATA 0xf5f4
0000            289   _PCA0CP4        DATA 0x8584
0000            290   _PCA0CP5        DATA 0xdedd
0000            291   _ADC0ASA        DATA 0xb6b5
0000            292   _ADC0GT         DATA 0xc4c3
0000            293   _ADC0           DATA 0xbebd
0000            294   _ADC0LT         DATA 0xc6c5
0000            295   _DAC0           DATA 0x8584
0000            296   _DAC1           DATA 0x8a89
0000            297   _DAC2           DATA 0x8c8b
0000            298   _DAC3           DATA 0x8e8d
0000            299   ;--------------------------------------------------------
0000            300   ; special function bits
0000            301   ;--------------------------------------------------------
0000            302   _ACC_0          BIT 0xe0
0000            303   _ACC_1          BIT 0xe1
0000            304   _ACC_2          BIT 0xe2
0000            305   _ACC_3          BIT 0xe3
0000            306   _ACC_4          BIT 0xe4
0000            307   _ACC_5          BIT 0xe5
0000            308   _ACC_6          BIT 0xe6
0000            309   _ACC_7          BIT 0xe7
0000            310   _TEMPE          BIT 0xe8
0000            311   _ADGN0          BIT 0xe9
0000            312   _ADGN1          BIT 0xea
0000            313   _ADWINT         BIT 0xeb
0000            314   _ADBUSY         BIT 0xec
0000            315   _ADINT          BIT 0xed
0000            316   _IPOEN          BIT 0xee
0000            317   _ADEN           BIT 0xef
0000            318   _B_0            BIT 0xf0
0000            319   _B_1            BIT 0xf1
0000            320   _B_2            BIT 0xf2
0000            321   _B_3            BIT 0xf3
0000            322   _B_4            BIT 0xf4
0000            323   _B_5            BIT 0xf5
0000            324   _B_6            BIT 0xf6
0000            325   _B_7            BIT 0xf7
0000            326   _C0FIF          BIT 0xe8
0000            327   _C0RIF          BIT 0xe9
0000            328   _C1FIF          BIT 0xea
0000            329   _C1RIF          BIT 0xeb
0000            330   _C2FIF          BIT 0xec
0000            331   _C2RIF          BIT 0xed
0000            332   _C3FIF          BIT 0xee
0000            333   _C3RIF          BIT 0xef
0000            334   _D1SRC0         BIT 0x88
0000            335   _D1SRC1         BIT 0x89
0000            336   _D1AMEN         BIT 0x8a
0000            337   _D01REFSL       BIT 0x8b
0000            338   _D3SRC0         BIT 0x8c
0000            339   _D3SRC1         BIT 0x8d
0000            340   _D3AMEN         BIT 0x8e
0000            341   _D23REFSL       BIT 0x8f
0000            342   _D0UDIS         BIT 0x98
0000            343   _D1UDIS         BIT 0x99
0000            344   _D2UDIS         BIT 0x9a
0000            345   _D3UDIS         BIT 0x9b
0000            346   _EX0            BIT 0xa8
0000            347   _ET0            BIT 0xa9
0000            348   _EX1            BIT 0xaa
0000            349   _ET1            BIT 0xab
0000            350   _ES0            BIT 0xac
0000            351   _ET2            BIT 0xad
0000            352   _ESPI0          BIT 0xae
0000            353   _EA             BIT 0xaf
0000            354   _PX0            BIT 0xb8
0000            355   _PT0            BIT 0xb9
0000            356   _PX1            BIT 0xba
0000            357   _PT1            BIT 0xbb
0000            358   _PS0            BIT 0xbc
0000            359   _PT2            BIT 0xbd
0000            360   _PSPI0          BIT 0xbe
0000            361   _P0_0           BIT 0x80
0000            362   _P0_1           BIT 0x81
0000            363   _P0_2           BIT 0x82
0000            364   _P0_3           BIT 0x83
0000            365   _P0_4           BIT 0x84
0000            366   _P0_5           BIT 0x85
0000            367   _P0_6           BIT 0x86
0000            368   _P0_7           BIT 0x87
0000            369   _P1_0           BIT 0x90
0000            370   _P1_1           BIT 0x91
0000            371   _P1_2           BIT 0x92
0000            372   _P1_3           BIT 0x93
0000            373   _P1_4           BIT 0x94
0000            374   _P1_5           BIT 0x95
0000            375   _P1_6           BIT 0x96
0000            376   _P1_7           BIT 0x97
0000            377   _P2_0           BIT 0xa0
0000            378   _P2_1           BIT 0xa1
0000            379   _P2_2           BIT 0xa2
0000            380   _P2_3           BIT 0xa3
0000            381   _P2_4           BIT 0xa4
0000            382   _P2_5           BIT 0xa5
0000            383   _P2_6           BIT 0xa6
0000            384   _P3_0           BIT 0xb0
0000            385   _P3_1           BIT 0xb1
0000            386   _P3_2           BIT 0xb2
0000            387   _P3_3           BIT 0xb3
0000            388   _P3_4           BIT 0xb4
0000            389   _P3_7           BIT 0xb7
0000            390   _CCF0           BIT 0xd8
0000            391   _CCF1           BIT 0xd9
0000            392   _CCF2           BIT 0xda
0000            393   _CCF3           BIT 0xdb
0000            394   _CCF4           BIT 0xdc
0000            395   _CCF5           BIT 0xdd
0000            396   _CR             BIT 0xde
0000            397   _CF             BIT 0xdf
0000            398   _PARITY         BIT 0xd0
0000            399   _F1             BIT 0xd1
0000            400   _OV             BIT 0xd2
0000            401   _RS0            BIT 0xd3
0000            402   _RS1            BIT 0xd4
0000            403   _F0             BIT 0xd5
0000            404   _AC             BIT 0xd6
0000            405   _CY             BIT 0xd7
0000            406   _RI             BIT 0x98
0000            407   _TI             BIT 0x99
0000            408   _RB8            BIT 0x9a
0000            409   _TB8            BIT 0x9b
0000            410   _REN            BIT 0x9c
0000            411   _CE             BIT 0x9d
0000            412   _SMODE          BIT 0x9e
0000            413   _RI1            BIT 0xc8
0000            414   _TI1            BIT 0xc9
0000            415   _RBX1           BIT 0xca
0000            416   _TBX1           BIT 0xcb
0000            417   _REN1           BIT 0xcc
0000            418   _PERR1          BIT 0xcd
0000            419   _OVR1           BIT 0xce
0000            420   _SI             BIT 0xc0
0000            421   _ACK            BIT 0xc1
0000            422   _ARBLOST        BIT 0xc2
0000            423   _ACKRQ          BIT 0xc3
0000            424   _STO            BIT 0xc4
0000            425   _STA            BIT 0xc5
0000            426   _TXMODE         BIT 0xc6
0000            427   _MASTER         BIT 0xc7
0000            428   _SPIEN          BIT 0xf8
0000            429   _TXNF           BIT 0xf9
0000            430   _NSSMD0         BIT 0xfa
0000            431   _NSSMD1         BIT 0xfb
0000            432   _RXOVRN         BIT 0xfc
0000            433   _MODF           BIT 0xfd
0000            434   _WCOL           BIT 0xfe
0000            435   _SPIF           BIT 0xff
0000            436   _IT0            BIT 0x88
0000            437   _IE0            BIT 0x89
0000            438   _IT1            BIT 0x8a
0000            439   _IE1            BIT 0x8b
0000            440   _TR0            BIT 0x8c
0000            441   _TF0            BIT 0x8d
0000            442   _TR1            BIT 0x8e
0000            443   _TF1            BIT 0x8f
0000            444   _T2XCLK0        BIT 0xc8
0000            445   _T2XCLK1        BIT 0xc9
0000            446   _TR2            BIT 0xca
0000            447   _T2SPLIT        BIT 0xcb
0000            448   _TF2CEN         BIT 0xcc
0000            449   _TF2LEN         BIT 0xcd
0000            450   _TF2L           BIT 0xce
0000            451   _TF2H           BIT 0xcf
0000            452   _T4XCLK0        BIT 0x98
0000            453   _T4XCLK1        BIT 0x99
0000            454   _TR4            BIT 0x9a
0000            455   _T4SPLIT        BIT 0x9b
0000            456   _TF4CEN         BIT 0x9c
0000            457   _TF4LEN         BIT 0x9d
0000            458   _TF4L           BIT 0x9e
0000            459   _TF4H           BIT 0x9f
0000            460   _T5XCLK0        BIT 0xc0
0000            461   _T5XCLK1        BIT 0xc1
0000            462   _TR5            BIT 0xc2
0000            463   _T5SPLIT        BIT 0xc3
0000            464   _TF5CEN         BIT 0xc4
0000            465   _TF5LEN         BIT 0xc5
0000            466   _TF5L           BIT 0xc6
0000            467   _TF5H           BIT 0xc7
0000            468   _RIE            BIT 0xd8
0000            469   _RXTO0          BIT 0xd9
0000            470   _RXTO1          BIT 0xda
0000            471   _RFRQ           BIT 0xdb
0000            472   _TIE            BIT 0xdc
0000            473   _TXHOLD         BIT 0xdd
0000            474   _TXNF1          BIT 0xde
0000            475   _TFRQ           BIT 0xdf
0000            476   ;--------------------------------------------------------
0000            477   ; overlayable register banks
0000            478   ;--------------------------------------------------------
0000            479            rbank0 segment data overlay
0000            480   ;--------------------------------------------------------
0000            481   ; internal ram data
0000            482   ;--------------------------------------------------------
0000            483            rseg R_DSEG
0000            484   _main_v_1_59:
0000            485            ds 16
0010            486   ;--------------------------------------------------------
0010            487   ; overlayable items in internal ram 
0010            488   ;--------------------------------------------------------
0000            489            rseg    R_OSEG
0000            490            rseg    R_OSEG
0000            491   _InitPinADC_PARM_2:
0000            492            ds 1
0001            493            rseg    R_OSEG
0001            494   ;--------------------------------------------------------
0001            495   ; indirectly addressable internal ram data
0001            496   ;--------------------------------------------------------
0000            497            rseg R_ISEG
0000            498   ;--------------------------------------------------------
0000            499   ; absolute internal ram data
0000            500   ;--------------------------------------------------------
0000            501            DSEG
0000            502   ;--------------------------------------------------------
0000            503   ; bit data
0000            504   ;--------------------------------------------------------
0000            505            rseg R_BSEG
0000            506   ;--------------------------------------------------------
0000            507   ; paged external ram data
0000            508   ;--------------------------------------------------------
0000            509            rseg R_PSEG
0000            510   ;--------------------------------------------------------
0000            511   ; external ram data
0000            512   ;--------------------------------------------------------
0000            513            rseg R_XSEG
0000            514   ;--------------------------------------------------------
0000            515   ; absolute external ram data
0000            516   ;--------------------------------------------------------
0000            517            XSEG
0000            518   ;--------------------------------------------------------
0000            519   ; external initialized ram data
0000            520   ;--------------------------------------------------------
0000            521            rseg R_IXSEG
0000            522            rseg R_HOME
0000            523            rseg R_GSINIT
0000            524            rseg R_CSEG
0000            525   ;--------------------------------------------------------
0000            526   ; Reset entry point and interrupt vectors
0000            527   ;--------------------------------------------------------
0000            528            CSEG at 0x0000
0000 020000     529            ljmp    _crt0
0003            530   ;--------------------------------------------------------
0003            531   ; global & static initialisations
0003            532   ;--------------------------------------------------------
0000            533            rseg R_HOME
0000            534            rseg R_GSINIT
0000            535            rseg R_GSINIT
0000            536   ;--------------------------------------------------------
0000            537   ; data variables initialization
0000            538   ;--------------------------------------------------------
0000            539            rseg R_DINIT
0000            540            ; The linker places a 'ret' at the end of segment R_DINIT.
0000            541   ;--------------------------------------------------------
0000            542   ; code
0000            543   ;--------------------------------------------------------
0000            544            rseg R_CSEG
0000            545   ;------------------------------------------------------------
0000            546   ;Allocation info for local variables in function '_c51_external_startup'
0000            547   ;------------------------------------------------------------
0000            548   ;------------------------------------------------------------
0000            549   ;        ADC.c:17: char _c51_external_startup (void)
0000            550   ;        -----------------------------------------
0000            551   ;         function _c51_external_startup
0000            552   ;        -----------------------------------------
0000            553   __c51_external_startup:
0000            554            using   0
0000            555   ;        ADC.c:20: SFRPAGE = 0x00;
0000 75A700     556            mov     _SFRPAGE,#0x00
0003            557   ;        ADC.c:21: WDTCN = 0xDE; //First key
0003 7597DE     558            mov     _WDTCN,#0xDE
0006            559   ;        ADC.c:22: WDTCN = 0xAD; //Second key
0006 7597AD     560            mov     _WDTCN,#0xAD
0009            561   ;        ADC.c:24: VDM0CN=0x80;       // enable VDD monitor
0009 75FF80     562            mov     _VDM0CN,#0x80
000C            563   ;        ADC.c:25: RSTSRC=0x02|0x04;  // Enable reset on missing clock detector and VDD
000C 75EF06     564            mov     _RSTSRC,#0x06
000F            565   ;        ADC.c:32: SFRPAGE = 0x10;
000F 75A710     566            mov     _SFRPAGE,#0x10
0012            567   ;        ADC.c:33: PFE0CN  = 0x20; // SYSCLK < 75 MHz.
0012 75C120     568            mov     _PFE0CN,#0x20
0015            569   ;        ADC.c:34: SFRPAGE = 0x00;
0015 75A700     570            mov     _SFRPAGE,#0x00
0018            571   ;        ADC.c:55: CLKSEL = 0x00;
0018 75A900     572            mov     _CLKSEL,#0x00
001B            573   ;        ADC.c:56: CLKSEL = 0x00;
001B 75A900     574            mov     _CLKSEL,#0x00
001E            575   ;        ADC.c:57: while ((CLKSEL & 0x80) == 0);
001E            576   L002001?:
001E E5A9       577            mov     a,_CLKSEL
0020 30E700     578            jnb     acc.7,L002001?
0023            579   ;        ADC.c:58: CLKSEL = 0x03;
0023 75A903     580            mov     _CLKSEL,#0x03
0026            581   ;        ADC.c:59: CLKSEL = 0x03;
0026 75A903     582            mov     _CLKSEL,#0x03
0029            583   ;        ADC.c:60: while ((CLKSEL & 0x80) == 0);
0029            584   L002004?:
0029 E5A9       585            mov     a,_CLKSEL
002B 30E780     586            jnb     acc.7,L002004?
002E            587   ;        ADC.c:65: P0MDOUT |= 0x10; // Enable UART0 TX as push-pull output
002E 43A410     588            orl     _P0MDOUT,#0x10
0031            589   ;        ADC.c:66: XBR0     = 0x01; // Enable UART0 on P0.4(TX) and P0.5(RX)
0031 75E101     590            mov     _XBR0,#0x01
0034            591   ;        ADC.c:67: XBR1     = 0X00;
0034 75E200     592            mov     _XBR1,#0x00
0037            593   ;        ADC.c:68: XBR2     = 0x40; // Enable crossbar and weak pull-ups
0037 75E340     594            mov     _XBR2,#0x40
003A            595   ;        ADC.c:74: SCON0 = 0x10;
003A 759810     596            mov     _SCON0,#0x10
003D            597   ;        ADC.c:75: TH1 = 0x100-((SYSCLK/BAUDRATE)/(2L*12L));
003D 758DE6     598            mov     _TH1,#0xE6
0040            599   ;        ADC.c:76: TL1 = TH1;      // Init Timer1
0040 858D8B     600            mov     _TL1,_TH1
0043            601   ;        ADC.c:77: TMOD &= ~0xf0;  // TMOD: timer 1 in 8-bit auto-reload
0043 53890F     602            anl     _TMOD,#0x0F
0046            603   ;        ADC.c:78: TMOD |=  0x20;
0046 438920     604            orl     _TMOD,#0x20
0049            605   ;        ADC.c:79: TR1 = 1; // START Timer1
0049 D28E       606            setb    _TR1
004B            607   ;        ADC.c:80: TI = 1;  // Indicate TX0 ready
004B D299       608            setb    _TI
004D            609   ;        ADC.c:82: return 0;
004D 758200     610            mov     dpl,#0x00
0050 22         611            ret
0051            612   ;------------------------------------------------------------
0051            613   ;Allocation info for local variables in function 'InitADC'
0051            614   ;------------------------------------------------------------
0051            615   ;------------------------------------------------------------
0051            616   ;        ADC.c:85: void InitADC (void)
0051            617   ;        -----------------------------------------
0051            618   ;         function InitADC
0051            619   ;        -----------------------------------------
0051            620   _InitADC:
0051            621   ;        ADC.c:87: SFRPAGE = 0x00;
0051 75A700     622            mov     _SFRPAGE,#0x00
0054            623   ;        ADC.c:88: ADEN=0; // Disable ADC
0054 C2EF       624            clr     _ADEN
0056            625   ;        ADC.c:93: (0x0 << 0) ; // Accumulate n conversions: 0x0: 1, 0x1:4, 0x2:8, 0x3:16, 0x4:32
0056 75B280     626            mov     _ADC0CN1,#0x80
0059            627   ;        ADC.c:97: (0x0 << 2); // 0:SYSCLK ADCCLK = SYSCLK. 1:HFOSC0 ADCCLK = HFOSC0.
0059 75BC20     628            mov     _ADC0CF0,#0x20
005C            629   ;        ADC.c:101: (0x1E << 0); // Conversion Tracking Time. Tadtk = ADTK / (Fsarclk)
005C 75B91E     630            mov     _ADC0CF1,#0x1E
005F            631   ;        ADC.c:110: (0x0 << 0) ; // TEMPE. 0: Disable the Temperature Sensor. 1: Enable the Temperature Sensor.
005F 75E800     632            mov     _ADC0CN0,#0x00
0062            633   ;        ADC.c:115: (0x1F << 0); // ADPWR. Power Up Delay Time. Tpwrtime = ((4 * (ADPWR + 1)) + 2) / (Fadcclk)
0062 75DF3F     634            mov     _ADC0CF2,#0x3F
0065            635   ;        ADC.c:119: (0x0 << 0) ; // ADCM. 0x0: ADBUSY, 0x1: TIMER0, 0x2: TIMER2, 0x3: TIMER3, 0x4: CNVSTR, 0x5: CEX5, 0x6: TIMER4, 0x7: TIMER5, 0x8: CLU0, 0x9: CLU1, 0xA: CLU2, 0xB: CLU3
0065 75B300     636            mov     _ADC0CN2,#0x00
0068            637   ;        ADC.c:121: ADEN=1; // Enable ADC
0068 D2EF       638            setb    _ADEN
006A 22         639            ret
006B            640   ;------------------------------------------------------------
006B            641   ;Allocation info for local variables in function 'Timer3us'
006B            642   ;------------------------------------------------------------
006B            643   ;us                        Allocated to registers r2 
006B            644   ;i                         Allocated to registers r3 
006B            645   ;------------------------------------------------------------
006B            646   ;        ADC.c:125: void Timer3us(unsigned char us)
006B            647   ;        -----------------------------------------
006B            648   ;         function Timer3us
006B            649   ;        -----------------------------------------
006B            650   _Timer3us:
006B AA82       651            mov     r2,dpl
006D            652   ;        ADC.c:130: CKCON0|=0b_0100_0000;
006D 438E40     653            orl     _CKCON0,#0x40
0070            654   ;        ADC.c:132: TMR3RL = (-(SYSCLK)/1000000L); // Set Timer3 to overflow in 1us.
0070 7592B8     655            mov     _TMR3RL,#0xB8
0073 7593FF     656            mov     (_TMR3RL >> 8),#0xFF
0076            657   ;        ADC.c:133: TMR3 = TMR3RL;                 // Initialize Timer3 for first overflow
0076 859294     658            mov     _TMR3,_TMR3RL
0079 859395     659            mov     (_TMR3 >> 8),(_TMR3RL >> 8)
007C            660   ;        ADC.c:135: TMR3CN0 = 0x04;                 // Sart Timer3 and clear overflow flag
007C 759104     661            mov     _TMR3CN0,#0x04
007F            662   ;        ADC.c:136: for (i = 0; i < us; i++)       // Count <us> overflows
007F 7B00       663            mov     r3,#0x00
0081            664   L004004?:
0081 C3         665            clr     c
0082 EB         666            mov     a,r3
0083 9A         667            subb    a,r2
0084 5000       668            jnc     L004007?
0086            669   ;        ADC.c:138: while (!(TMR3CN0 & 0x80));  // Wait for overflow
0086            670   L004001?:
0086 E591       671            mov     a,_TMR3CN0
0088 30E780     672            jnb     acc.7,L004001?
008B            673   ;        ADC.c:139: TMR3CN0 &= ~(0x80);         // Clear overflow indicator
008B 53917F     674            anl     _TMR3CN0,#0x7F
008E            675   ;        ADC.c:136: for (i = 0; i < us; i++)       // Count <us> overflows
008E 0B         676            inc     r3
008F 8000       677            sjmp    L004004?
0091            678   L004007?:
0091            679   ;        ADC.c:141: TMR3CN0 = 0 ;                   // Stop Timer3 and clear overflow flag
0091 759100     680            mov     _TMR3CN0,#0x00
0094 22         681            ret
0095            682   ;------------------------------------------------------------
0095            683   ;Allocation info for local variables in function 'waitms'
0095            684   ;------------------------------------------------------------
0095            685   ;ms                        Allocated to registers r2 r3 
0095            686   ;j                         Allocated to registers r4 r5 
0095            687   ;k                         Allocated to registers r6 
0095            688   ;------------------------------------------------------------
0095            689   ;        ADC.c:144: void waitms (unsigned int ms)
0095            690   ;        -----------------------------------------
0095            691   ;         function waitms
0095            692   ;        -----------------------------------------
0095            693   _waitms:
0095 AA82       694            mov     r2,dpl
0097 AB83       695            mov     r3,dph
0099            696   ;        ADC.c:148: for(j=0; j<ms; j++)
0099 7C00       697            mov     r4,#0x00
009B 7D00       698            mov     r5,#0x00
009D            699   L005005?:
009D C3         700            clr     c
009E EC         701            mov     a,r4
009F 9A         702            subb    a,r2
00A0 ED         703            mov     a,r5
00A1 9B         704            subb    a,r3
00A2 5000       705            jnc     L005009?
00A4            706   ;        ADC.c:149: for (k=0; k<4; k++) Timer3us(250);
00A4 7E00       707            mov     r6,#0x00
00A6            708   L005001?:
00A6 BE04C0     709            cjne    r6,#0x04,L005018?
00A9            710   L005018?:
00A9 5000       711            jnc     L005007?
00AB 7582FA     712            mov     dpl,#0xFA
00AE C002       713            push    ar2
00B0 C003       714            push    ar3
00B2 C004       715            push    ar4
00B4 C005       716            push    ar5
00B6 C006       717            push    ar6
00B8 120000     718            lcall   _Timer3us
00BB D006       719            pop     ar6
00BD D005       720            pop     ar5
00BF D004       721            pop     ar4
00C1 D003       722            pop     ar3
00C3 D002       723            pop     ar2
00C5 0E         724            inc     r6
00C6 8000       725            sjmp    L005001?
00C8            726   L005007?:
00C8            727   ;        ADC.c:148: for(j=0; j<ms; j++)
00C8 0C         728            inc     r4
00C9 BC0000     729            cjne    r4,#0x00,L005005?
00CC 0D         730            inc     r5
00CD 8000       731            sjmp    L005005?
00CF            732   L005009?:
00CF 22         733            ret
00D0            734   ;------------------------------------------------------------
00D0            735   ;Allocation info for local variables in function 'InitPinADC'
00D0            736   ;------------------------------------------------------------
00D0            737   ;pin_num                   Allocated with name '_InitPinADC_PARM_2'
00D0            738   ;portno                    Allocated to registers r2 
00D0            739   ;mask                      Allocated to registers r3 
00D0            740   ;------------------------------------------------------------
00D0            741   ;        ADC.c:154: void InitPinADC (unsigned char portno, unsigned char pin_num)
00D0            742   ;        -----------------------------------------
00D0            743   ;         function InitPinADC
00D0            744   ;        -----------------------------------------
00D0            745   _InitPinADC:
00D0 AA82       746            mov     r2,dpl
00D2            747   ;        ADC.c:158: mask=1<<pin_num;
00D2 8590F0     748            mov     b,_InitPinADC_PARM_2
00D5 05F0       749            inc     b
00D7 7401       750            mov     a,#0x01
00D9 8000       751            sjmp    L006013?
00DB            752   L006011?:
00DB 25E0       753            add     a,acc
00DD            754   L006013?:
00DD D5F0C0     755            djnz    b,L006011?
00E0 FB         756            mov     r3,a
00E1            757   ;        ADC.c:160: SFRPAGE = 0x20;
00E1 75A720     758            mov     _SFRPAGE,#0x20
00E4            759   ;        ADC.c:161: switch (portno)
00E4 BA0000     760            cjne    r2,#0x00,L006014?
00E7 8000       761            sjmp    L006001?
00E9            762   L006014?:
00E9 BA0180     763            cjne    r2,#0x01,L006015?
00EC 8000       764            sjmp    L006002?
00EE            765   L006015?:
00EE            766   ;        ADC.c:163: case 0:
00EE BA0200     767            cjne    r2,#0x02,L006005?
00F1 8000       768            sjmp    L006003?
00F3            769   L006001?:
00F3            770   ;        ADC.c:164: P0MDIN &= (~mask); // Set pin as analog input
00F3 EB         771            mov     a,r3
00F4 F4         772            cpl     a
00F5 FA         773            mov     r2,a
00F6 52F1       774            anl     _P0MDIN,a
00F8            775   ;        ADC.c:165: P0SKIP |= mask; // Skip Crossbar decoding for this pin
00F8 EB         776            mov     a,r3
00F9 42D4       777            orl     _P0SKIP,a
00FB            778   ;        ADC.c:166: break;
00FB            779   ;        ADC.c:167: case 1:
00FB 8000       780            sjmp    L006005?
00FD            781   L006002?:
00FD            782   ;        ADC.c:168: P1MDIN &= (~mask); // Set pin as analog input
00FD EB         783            mov     a,r3
00FE F4         784            cpl     a
00FF FA         785            mov     r2,a
0100 52F2       786            anl     _P1MDIN,a
0102            787   ;        ADC.c:169: P1SKIP |= mask; // Skip Crossbar decoding for this pin
0102 EB         788            mov     a,r3
0103 42D5       789            orl     _P1SKIP,a
0105            790   ;        ADC.c:170: break;
0105            791   ;        ADC.c:171: case 2:
0105 8000       792            sjmp    L006005?
0107            793   L006003?:
0107            794   ;        ADC.c:172: P2MDIN &= (~mask); // Set pin as analog input
0107 EB         795            mov     a,r3
0108 F4         796            cpl     a
0109 FA         797            mov     r2,a
010A 52F3       798            anl     _P2MDIN,a
010C            799   ;        ADC.c:173: P2SKIP |= mask; // Skip Crossbar decoding for this pin
010C EB         800            mov     a,r3
010D 42CC       801            orl     _P2SKIP,a
010F            802   ;        ADC.c:177: }
010F            803   L006005?:
010F            804   ;        ADC.c:178: SFRPAGE = 0x00;
010F 75A700     805            mov     _SFRPAGE,#0x00
0112 22         806            ret
0113            807   ;------------------------------------------------------------
0113            808   ;Allocation info for local variables in function 'ADC_at_Pin'
0113            809   ;------------------------------------------------------------
0113            810   ;pin                       Allocated to registers 
0113            811   ;------------------------------------------------------------
0113            812   ;        ADC.c:181: unsigned int ADC_at_Pin(unsigned char pin)
0113            813   ;        -----------------------------------------
0113            814   ;         function ADC_at_Pin
0113            815   ;        -----------------------------------------
0113            816   _ADC_at_Pin:
0113 8582BB     817            mov     _ADC0MX,dpl
0116            818   ;        ADC.c:184: ADINT = 0;
0116 C2ED       819            clr     _ADINT
0118            820   ;        ADC.c:185: ADBUSY = 1;     // Convert voltage at the pin
0118 D2EC       821            setb    _ADBUSY
011A            822   ;        ADC.c:186: while (!ADINT); // Wait for conversion to complete
011A            823   L007001?:
011A 30ED80     824            jnb     _ADINT,L007001?
011D            825   ;        ADC.c:187: return (ADC0);
011D 85BD82     826            mov     dpl,_ADC0
0120 85BE83     827            mov     dph,(_ADC0 >> 8)
0123 22         828            ret
0124            829   ;------------------------------------------------------------
0124            830   ;Allocation info for local variables in function 'Volts_at_Pin'
0124            831   ;------------------------------------------------------------
0124            832   ;pin                       Allocated to registers r2 
0124            833   ;------------------------------------------------------------
0124            834   ;        ADC.c:190: float Volts_at_Pin(unsigned char pin)
0124            835   ;        -----------------------------------------
0124            836   ;         function Volts_at_Pin
0124            837   ;        -----------------------------------------
0124            838   _Volts_at_Pin:
0124            839   ;        ADC.c:192: return ((ADC_at_Pin(pin)*VDD)/16383.0);
0124 120000     840            lcall   _ADC_at_Pin
0127 120000     841            lcall   ___uint2fs
012A AA82       842            mov     r2,dpl
012C AB83       843            mov     r3,dph
012E ACF0       844            mov     r4,b
0130 FD         845            mov     r5,a
0131 C002       846            push    ar2
0133 C003       847            push    ar3
0135 C004       848            push    ar4
0137 C005       849            push    ar5
0139 906C8B     850            mov     dptr,#0x6C8B
013C 75F053     851            mov     b,#0x53
013F 7440       852            mov     a,#0x40
0141 120000     853            lcall   ___fsmul
0144 AA82       854            mov     r2,dpl
0146 AB83       855            mov     r3,dph
0148 ACF0       856            mov     r4,b
014A FD         857            mov     r5,a
014B E581       858            mov     a,sp
014D 24FC       859            add     a,#0xfc
014F F581       860            mov     sp,a
0151 E4         861            clr     a
0152 C0E0       862            push    acc
0154 74FC       863            mov     a,#0xFC
0156 C0E0       864            push    acc
0158 747F       865            mov     a,#0x7F
015A C0E0       866            push    acc
015C 7446       867            mov     a,#0x46
015E C0E0       868            push    acc
0160 8A82       869            mov     dpl,r2
0162 8B83       870            mov     dph,r3
0164 8CF0       871            mov     b,r4
0166 ED         872            mov     a,r5
0167 120000     873            lcall   ___fsdiv
016A AA82       874            mov     r2,dpl
016C AB83       875            mov     r3,dph
016E ACF0       876            mov     r4,b
0170 FD         877            mov     r5,a
0171 E581       878            mov     a,sp
0173 24FC       879            add     a,#0xfc
0175 F581       880            mov     sp,a
0177 8A82       881            mov     dpl,r2
0179 8B83       882            mov     dph,r3
017B 8CF0       883            mov     b,r4
017D ED         884            mov     a,r5
017E 22         885            ret
017F            886   ;------------------------------------------------------------
017F            887   ;Allocation info for local variables in function 'main'
017F            888   ;------------------------------------------------------------
017F            889   ;v                         Allocated with name '_main_v_1_59'
017F            890   ;------------------------------------------------------------
017F            891   ;        ADC.c:195: void main (void)
017F            892   ;        -----------------------------------------
017F            893   ;         function main
017F            894   ;        -----------------------------------------
017F            895   _main:
017F            896   ;        ADC.c:199: waitms(500); // Give PuTTy a chance to start before sending
017F 9001F4     897            mov     dptr,#0x01F4
0182 120000     898            lcall   _waitms
0185            899   ;        ADC.c:200: printf("\x1b[2J"); // Clear screen using ANSI escape sequence.
0185 74C0       900            mov     a,#__str_0
0187 C0E0       901            push    acc
0189 74B5       902            mov     a,#(__str_0 >> 8)
018B C0E0       903            push    acc
018D 7480       904            mov     a,#0x80
018F C0E0       905            push    acc
0191 120000     906            lcall   _printf
0194 1581       907            dec     sp
0196 1581       908            dec     sp
0198 1581       909            dec     sp
019A            910   ;        ADC.c:205: __FILE__, __DATE__, __TIME__);
019A            911   ;        ADC.c:204: "Compiled: %s, %s\n\n",
019A 7440       912            mov     a,#__str_4
019C C0E0       913            push    acc
019E 74B6       914            mov     a,#(__str_4 >> 8)
01A0 C0E0       915            push    acc
01A2 7480       916            mov     a,#0x80
01A4 C0E0       917            push    acc
01A6 7480       918            mov     a,#__str_3
01A8 C0E0       919            push    acc
01AA 74B6       920            mov     a,#(__str_3 >> 8)
01AC C0E0       921            push    acc
01AE 7480       922            mov     a,#0x80
01B0 C0E0       923            push    acc
01B2 74C0       924            mov     a,#__str_2
01B4 C0E0       925            push    acc
01B6 74B6       926            mov     a,#(__str_2 >> 8)
01B8 C0E0       927            push    acc
01BA 7480       928            mov     a,#0x80
01BC C0E0       929            push    acc
01BE 7400       930            mov     a,#__str_1
01C0 C0E0       931            push    acc
01C2 74B7       932            mov     a,#(__str_1 >> 8)
01C4 C0E0       933            push    acc
01C6 7480       934            mov     a,#0x80
01C8 C0E0       935            push    acc
01CA 120000     936            lcall   _printf
01CD E581       937            mov     a,sp
01CF 24F4       938            add     a,#0xf4
01D1 F581       939            mov     sp,a
01D3            940   ;        ADC.c:207: InitPinADC(2, 2); // Configure P2.2 as analog input
01D3 759002     941            mov     _InitPinADC_PARM_2,#0x02
01D6 758202     942            mov     dpl,#0x02
01D9 120000     943            lcall   _InitPinADC
01DC            944   ;        ADC.c:208: InitPinADC(2, 3); // Configure P2.3 as analog input
01DC 759003     945            mov     _InitPinADC_PARM_2,#0x03
01DF 758202     946            mov     dpl,#0x02
01E2 120000     947            lcall   _InitPinADC
01E5            948   ;        ADC.c:209: InitPinADC(2, 4); // Configure P2.4 as analog input
01E5 759004     949            mov     _InitPinADC_PARM_2,#0x04
01E8 758202     950            mov     dpl,#0x02
01EB 120000     951            lcall   _InitPinADC
01EE            952   ;        ADC.c:210: InitPinADC(2, 5); // Configure P2.5 as analog input
01EE 759005     953            mov     _InitPinADC_PARM_2,#0x05
01F1 758202     954            mov     dpl,#0x02
01F4 120000     955            lcall   _InitPinADC
01F7            956   ;        ADC.c:211: InitADC();
01F7 120000     957            lcall   _InitADC
01FA            958   ;        ADC.c:213: while(1)
01FA            959   L009002?:
01FA            960   ;        ADC.c:216: v[0] = Volts_at_Pin(QFP32_MUX_P2_2);
01FA 75820F     961            mov     dpl,#0x0F
01FD 120000     962            lcall   _Volts_at_Pin
0200 AA82       963            mov     r2,dpl
0202 AB83       964            mov     r3,dph
0204 ACF0       965            mov     r4,b
0206 FD         966            mov     r5,a
0207 8A80       967            mov     _main_v_1_59,r2
0209 8B81       968            mov     (_main_v_1_59 + 1),r3
020B 8C82       969            mov     (_main_v_1_59 + 2),r4
020D 8D83       970            mov     (_main_v_1_59 + 3),r5
020F            971   ;        ADC.c:217: v[1] = Volts_at_Pin(QFP32_MUX_P2_3);
020F 758210     972            mov     dpl,#0x10
0212 120000     973            lcall   _Volts_at_Pin
0215 AA82       974            mov     r2,dpl
0217 AB83       975            mov     r3,dph
0219 ACF0       976            mov     r4,b
021B FD         977            mov     r5,a
021C 8A84       978            mov     (_main_v_1_59 + 0x0004),r2
021E 8B85       979            mov     ((_main_v_1_59 + 0x0004) + 1),r3
0220 8C86       980            mov     ((_main_v_1_59 + 0x0004) + 2),r4
0222 8D87       981            mov     ((_main_v_1_59 + 0x0004) + 3),r5
0224            982   ;        ADC.c:218: v[2] = Volts_at_Pin(QFP32_MUX_P2_4);
0224 758211     983            mov     dpl,#0x11
0227 120000     984            lcall   _Volts_at_Pin
022A AA82       985            mov     r2,dpl
022C AB83       986            mov     r3,dph
022E ACF0       987            mov     r4,b
0230 FD         988            mov     r5,a
0231 8A88       989            mov     (_main_v_1_59 + 0x0008),r2
0233 8B89       990            mov     ((_main_v_1_59 + 0x0008) + 1),r3
0235 8C8A       991            mov     ((_main_v_1_59 + 0x0008) + 2),r4
0237 8D8B       992            mov     ((_main_v_1_59 + 0x0008) + 3),r5
0239            993   ;        ADC.c:219: v[3] = Volts_at_Pin(QFP32_MUX_P2_5);
0239 758212     994            mov     dpl,#0x12
023C 120000     995            lcall   _Volts_at_Pin
023F AA82       996            mov     r2,dpl
0241 AB83       997            mov     r3,dph
0243 ACF0       998            mov     r4,b
0245 FD         999            mov     r5,a
0246 8A8C      1000            mov     (_main_v_1_59 + 0x000c),r2
0248 8B8D      1001            mov     ((_main_v_1_59 + 0x000c) + 1),r3
024A 8C8E      1002            mov     ((_main_v_1_59 + 0x000c) + 2),r4
024C 8D8F      1003            mov     ((_main_v_1_59 + 0x000c) + 3),r5
024E           1004   ;        ADC.c:220: printf ("V@P2.2=%7.5fV, V@P2.3=%7.5fV, V@P2.4=%7.5fV, V@P2.5=%7.5fV\r", v[0], v[1], v[2], v[3]);
024E C002      1005            push    ar2
0250 C003      1006            push    ar3
0252 C004      1007            push    ar4
0254 C005      1008            push    ar5
0256 C088      1009            push    (_main_v_1_59 + 0x0008)
0258 C089      1010            push    ((_main_v_1_59 + 0x0008) + 1)
025A C08A      1011            push    ((_main_v_1_59 + 0x0008) + 2)
025C C08B      1012            push    ((_main_v_1_59 + 0x0008) + 3)
025E C084      1013            push    (_main_v_1_59 + 0x0004)
0260 C085      1014            push    ((_main_v_1_59 + 0x0004) + 1)
0262 C086      1015            push    ((_main_v_1_59 + 0x0004) + 2)
0264 C087      1016            push    ((_main_v_1_59 + 0x0004) + 3)
0266 C080      1017            push    _main_v_1_59
0268 C081      1018            push    (_main_v_1_59 + 1)
026A C082      1019            push    (_main_v_1_59 + 2)
026C C083      1020            push    (_main_v_1_59 + 3)
026E 7480      1021            mov     a,#__str_5
0270 C0E0      1022            push    acc
0272 74B7      1023            mov     a,#(__str_5 >> 8)
0274 C0E0      1024            push    acc
0276 7480      1025            mov     a,#0x80
0278 C0E0      1026            push    acc
027A 120000    1027            lcall   _printf
027D E581      1028            mov     a,sp
027F 24ED      1029            add     a,#0xed
0281 F581      1030            mov     sp,a
0283           1031   ;        ADC.c:221: waitms(500);
0283 9001F4    1032            mov     dptr,#0x01F4
0286 120000    1033            lcall   _waitms
0289 020000    1034            ljmp    L009002?
028C           1035            rseg R_CSEG
028C           1036   
0000           1037            rseg R_XINIT
0000           1038   
0000           1039            rseg R_CONST
0000           1040   __str_0:
0000 1B        1041            db 0x1B
0001 5B324A    1042            db '[2J'
0004 00        1043            db 0x00
0005           1044   __str_1:
0005 41444320  1045            db 'ADC test program'
     74657374
     2070726F
     6772616D
0015 0A        1046            db 0x0A
0016 46696C65  1047            db 'File: %s'
     3A202573
001E 0A        1048            db 0x0A
001F 436F6D70  1049            db 'Compiled: %s, %s'
     696C6564
     3A202573
     2C202573
002F 0A        1050            db 0x0A
0030 0A        1051            db 0x0A
0031 00        1052            db 0x00
0032           1053   __str_2:
0032 4144432E  1054            db 'ADC.c'
     63
0037 00        1055            db 0x00
0038           1056   __str_3:
0038 4D617220  1057            db 'Mar 27 2024'
     32372032
     303234
0043 00        1058            db 0x00
0044           1059   __str_4:
0044 31313A35  1060            db '11:59:01'
     393A3031
004C 00        1061            db 0x00
004D           1062   __str_5:
004D 56405032  1063            db 'V@P2.2=%7.5fV, V@P2.3=%7.5fV, V@P2.4=%7.5fV, V@P2.5=%7.5fV'
     2E323D25
     372E3566
     562C2056
     4050322E
     333D2537
     2E356656
     2C205640
     50322E34
     3D25372E
     3566562C
     20564050
     322E353D
     25372E35
     6656
0087 0D        1064            db 0x0D
0088 00        1065            db 0x00
0089           1066   
0003           1067            CSEG
0003           1068   
0003           1069   end
