0000              1   ;--------------------------------------------------------
0000              2   ; File Created by C51
0000              3   ; Version 1.0.0 #1170 (Feb 16 2022) (MSVC)
0000              4   ; This file was generated Sun Mar 31 11:28:05 2024
0000              5   ;--------------------------------------------------------
                  5   $name HelloWorld
                  6   $optc51 --model-small
0000              8            R_DSEG    segment data
0000              9            R_CSEG    segment code
0000             10            R_BSEG    segment bit
0000             11            R_XSEG    segment xdata
0000             12            R_PSEG    segment xdata
0000             13            R_ISEG    segment idata
0000             14            R_OSEG    segment data overlay
0000             15            BIT_BANK  segment data overlay
0000             16            R_HOME    segment code
0000             17            R_GSINIT  segment code
0000             18            R_IXSEG   segment xdata
0000             19            R_CONST   segment code
0000             20            R_XINIT   segment code
0000             21            R_DINIT   segment code
0000             22   
0000             23   ;--------------------------------------------------------
0000             24   ; Public variables in this module
0000             25   ;--------------------------------------------------------
0000             26            public _main
0000             27            public _WaitXms
0000             28            public _Timer3us
0000             29            public __c51_external_startup
0000             30   ;--------------------------------------------------------
0000             31   ; Special Function Registers
0000             32   ;--------------------------------------------------------
0000             33   _ACC            DATA 0xe0
0000             34   _ADC0ASAH       DATA 0xb6
0000             35   _ADC0ASAL       DATA 0xb5
0000             36   _ADC0ASCF       DATA 0xa1
0000             37   _ADC0ASCT       DATA 0xc7
0000             38   _ADC0CF0        DATA 0xbc
0000             39   _ADC0CF1        DATA 0xb9
0000             40   _ADC0CF2        DATA 0xdf
0000             41   _ADC0CN0        DATA 0xe8
0000             42   _ADC0CN1        DATA 0xb2
0000             43   _ADC0CN2        DATA 0xb3
0000             44   _ADC0GTH        DATA 0xc4
0000             45   _ADC0GTL        DATA 0xc3
0000             46   _ADC0H          DATA 0xbe
0000             47   _ADC0L          DATA 0xbd
0000             48   _ADC0LTH        DATA 0xc6
0000             49   _ADC0LTL        DATA 0xc5
0000             50   _ADC0MX         DATA 0xbb
0000             51   _B              DATA 0xf0
0000             52   _CKCON0         DATA 0x8e
0000             53   _CKCON1         DATA 0xa6
0000             54   _CLEN0          DATA 0xc6
0000             55   _CLIE0          DATA 0xc7
0000             56   _CLIF0          DATA 0xe8
0000             57   _CLKSEL         DATA 0xa9
0000             58   _CLOUT0         DATA 0xd1
0000             59   _CLU0CF         DATA 0xb1
0000             60   _CLU0FN         DATA 0xaf
0000             61   _CLU0MX         DATA 0x84
0000             62   _CLU1CF         DATA 0xb3
0000             63   _CLU1FN         DATA 0xb2
0000             64   _CLU1MX         DATA 0x85
0000             65   _CLU2CF         DATA 0xb6
0000             66   _CLU2FN         DATA 0xb5
0000             67   _CLU2MX         DATA 0x91
0000             68   _CLU3CF         DATA 0xbf
0000             69   _CLU3FN         DATA 0xbe
0000             70   _CLU3MX         DATA 0xae
0000             71   _CMP0CN0        DATA 0x9b
0000             72   _CMP0CN1        DATA 0x99
0000             73   _CMP0MD         DATA 0x9d
0000             74   _CMP0MX         DATA 0x9f
0000             75   _CMP1CN0        DATA 0xbf
0000             76   _CMP1CN1        DATA 0xac
0000             77   _CMP1MD         DATA 0xab
0000             78   _CMP1MX         DATA 0xaa
0000             79   _CRC0CN0        DATA 0xce
0000             80   _CRC0CN1        DATA 0x86
0000             81   _CRC0CNT        DATA 0xd3
0000             82   _CRC0DAT        DATA 0xcb
0000             83   _CRC0FLIP       DATA 0xcf
0000             84   _CRC0IN         DATA 0xca
0000             85   _CRC0ST         DATA 0xd2
0000             86   _DAC0CF0        DATA 0x91
0000             87   _DAC0CF1        DATA 0x92
0000             88   _DAC0H          DATA 0x85
0000             89   _DAC0L          DATA 0x84
0000             90   _DAC1CF0        DATA 0x93
0000             91   _DAC1CF1        DATA 0x94
0000             92   _DAC1H          DATA 0x8a
0000             93   _DAC1L          DATA 0x89
0000             94   _DAC2CF0        DATA 0x95
0000             95   _DAC2CF1        DATA 0x96
0000             96   _DAC2H          DATA 0x8c
0000             97   _DAC2L          DATA 0x8b
0000             98   _DAC3CF0        DATA 0x9a
0000             99   _DAC3CF1        DATA 0x9c
0000            100   _DAC3H          DATA 0x8e
0000            101   _DAC3L          DATA 0x8d
0000            102   _DACGCF0        DATA 0x88
0000            103   _DACGCF1        DATA 0x98
0000            104   _DACGCF2        DATA 0xa2
0000            105   _DERIVID        DATA 0xad
0000            106   _DEVICEID       DATA 0xb5
0000            107   _DPH            DATA 0x83
0000            108   _DPL            DATA 0x82
0000            109   _EIE1           DATA 0xe6
0000            110   _EIE2           DATA 0xf3
0000            111   _EIP1           DATA 0xbb
0000            112   _EIP1H          DATA 0xee
0000            113   _EIP2           DATA 0xed
0000            114   _EIP2H          DATA 0xf6
0000            115   _EMI0CN         DATA 0xe7
0000            116   _FLKEY          DATA 0xb7
0000            117   _HFO0CAL        DATA 0xc7
0000            118   _HFO1CAL        DATA 0xd6
0000            119   _HFOCN          DATA 0xef
0000            120   _I2C0ADM        DATA 0xff
0000            121   _I2C0CN0        DATA 0xba
0000            122   _I2C0DIN        DATA 0xbc
0000            123   _I2C0DOUT       DATA 0xbb
0000            124   _I2C0FCN0       DATA 0xad
0000            125   _I2C0FCN1       DATA 0xab
0000            126   _I2C0FCT        DATA 0xf5
0000            127   _I2C0SLAD       DATA 0xbd
0000            128   _I2C0STAT       DATA 0xb9
0000            129   _IE             DATA 0xa8
0000            130   _IP             DATA 0xb8
0000            131   _IPH            DATA 0xf2
0000            132   _IT01CF         DATA 0xe4
0000            133   _LFO0CN         DATA 0xb1
0000            134   _P0             DATA 0x80
0000            135   _P0MASK         DATA 0xfe
0000            136   _P0MAT          DATA 0xfd
0000            137   _P0MDIN         DATA 0xf1
0000            138   _P0MDOUT        DATA 0xa4
0000            139   _P0SKIP         DATA 0xd4
0000            140   _P1             DATA 0x90
0000            141   _P1MASK         DATA 0xee
0000            142   _P1MAT          DATA 0xed
0000            143   _P1MDIN         DATA 0xf2
0000            144   _P1MDOUT        DATA 0xa5
0000            145   _P1SKIP         DATA 0xd5
0000            146   _P2             DATA 0xa0
0000            147   _P2MASK         DATA 0xfc
0000            148   _P2MAT          DATA 0xfb
0000            149   _P2MDIN         DATA 0xf3
0000            150   _P2MDOUT        DATA 0xa6
0000            151   _P2SKIP         DATA 0xcc
0000            152   _P3             DATA 0xb0
0000            153   _P3MDIN         DATA 0xf4
0000            154   _P3MDOUT        DATA 0x9c
0000            155   _PCA0CENT       DATA 0x9e
0000            156   _PCA0CLR        DATA 0x9c
0000            157   _PCA0CN0        DATA 0xd8
0000            158   _PCA0CPH0       DATA 0xfc
0000            159   _PCA0CPH1       DATA 0xea
0000            160   _PCA0CPH2       DATA 0xec
0000            161   _PCA0CPH3       DATA 0xf5
0000            162   _PCA0CPH4       DATA 0x85
0000            163   _PCA0CPH5       DATA 0xde
0000            164   _PCA0CPL0       DATA 0xfb
0000            165   _PCA0CPL1       DATA 0xe9
0000            166   _PCA0CPL2       DATA 0xeb
0000            167   _PCA0CPL3       DATA 0xf4
0000            168   _PCA0CPL4       DATA 0x84
0000            169   _PCA0CPL5       DATA 0xdd
0000            170   _PCA0CPM0       DATA 0xda
0000            171   _PCA0CPM1       DATA 0xdb
0000            172   _PCA0CPM2       DATA 0xdc
0000            173   _PCA0CPM3       DATA 0xae
0000            174   _PCA0CPM4       DATA 0xaf
0000            175   _PCA0CPM5       DATA 0xcc
0000            176   _PCA0H          DATA 0xfa
0000            177   _PCA0L          DATA 0xf9
0000            178   _PCA0MD         DATA 0xd9
0000            179   _PCA0POL        DATA 0x96
0000            180   _PCA0PWM        DATA 0xf7
0000            181   _PCON0          DATA 0x87
0000            182   _PCON1          DATA 0xcd
0000            183   _PFE0CN         DATA 0xc1
0000            184   _PRTDRV         DATA 0xf6
0000            185   _PSCTL          DATA 0x8f
0000            186   _PSTAT0         DATA 0xaa
0000            187   _PSW            DATA 0xd0
0000            188   _REF0CN         DATA 0xd1
0000            189   _REG0CN         DATA 0xc9
0000            190   _REVID          DATA 0xb6
0000            191   _RSTSRC         DATA 0xef
0000            192   _SBCON1         DATA 0x94
0000            193   _SBRLH1         DATA 0x96
0000            194   _SBRLL1         DATA 0x95
0000            195   _SBUF           DATA 0x99
0000            196   _SBUF0          DATA 0x99
0000            197   _SBUF1          DATA 0x92
0000            198   _SCON           DATA 0x98
0000            199   _SCON0          DATA 0x98
0000            200   _SCON1          DATA 0xc8
0000            201   _SFRPAGE        DATA 0xa7
0000            202   _SFRPGCN        DATA 0xbc
0000            203   _SFRSTACK       DATA 0xd7
0000            204   _SMB0ADM        DATA 0xd6
0000            205   _SMB0ADR        DATA 0xd7
0000            206   _SMB0CF         DATA 0xc1
0000            207   _SMB0CN0        DATA 0xc0
0000            208   _SMB0DAT        DATA 0xc2
0000            209   _SMB0FCN0       DATA 0xc3
0000            210   _SMB0FCN1       DATA 0xc4
0000            211   _SMB0FCT        DATA 0xef
0000            212   _SMB0RXLN       DATA 0xc5
0000            213   _SMB0TC         DATA 0xac
0000            214   _SMOD1          DATA 0x93
0000            215   _SP             DATA 0x81
0000            216   _SPI0CFG        DATA 0xa1
0000            217   _SPI0CKR        DATA 0xa2
0000            218   _SPI0CN0        DATA 0xf8
0000            219   _SPI0DAT        DATA 0xa3
0000            220   _SPI0FCN0       DATA 0x9a
0000            221   _SPI0FCN1       DATA 0x9b
0000            222   _SPI0FCT        DATA 0xf7
0000            223   _SPI0PCF        DATA 0xdf
0000            224   _TCON           DATA 0x88
0000            225   _TH0            DATA 0x8c
0000            226   _TH1            DATA 0x8d
0000            227   _TL0            DATA 0x8a
0000            228   _TL1            DATA 0x8b
0000            229   _TMOD           DATA 0x89
0000            230   _TMR2CN0        DATA 0xc8
0000            231   _TMR2CN1        DATA 0xfd
0000            232   _TMR2H          DATA 0xcf
0000            233   _TMR2L          DATA 0xce
0000            234   _TMR2RLH        DATA 0xcb
0000            235   _TMR2RLL        DATA 0xca
0000            236   _TMR3CN0        DATA 0x91
0000            237   _TMR3CN1        DATA 0xfe
0000            238   _TMR3H          DATA 0x95
0000            239   _TMR3L          DATA 0x94
0000            240   _TMR3RLH        DATA 0x93
0000            241   _TMR3RLL        DATA 0x92
0000            242   _TMR4CN0        DATA 0x98
0000            243   _TMR4CN1        DATA 0xff
0000            244   _TMR4H          DATA 0xa5
0000            245   _TMR4L          DATA 0xa4
0000            246   _TMR4RLH        DATA 0xa3
0000            247   _TMR4RLL        DATA 0xa2
0000            248   _TMR5CN0        DATA 0xc0
0000            249   _TMR5CN1        DATA 0xf1
0000            250   _TMR5H          DATA 0xd5
0000            251   _TMR5L          DATA 0xd4
0000            252   _TMR5RLH        DATA 0xd3
0000            253   _TMR5RLL        DATA 0xd2
0000            254   _UART0PCF       DATA 0xd9
0000            255   _UART1FCN0      DATA 0x9d
0000            256   _UART1FCN1      DATA 0xd8
0000            257   _UART1FCT       DATA 0xfa
0000            258   _UART1LIN       DATA 0x9e
0000            259   _UART1PCF       DATA 0xda
0000            260   _VDM0CN         DATA 0xff
0000            261   _WDTCN          DATA 0x97
0000            262   _XBR0           DATA 0xe1
0000            263   _XBR1           DATA 0xe2
0000            264   _XBR2           DATA 0xe3
0000            265   _XOSC0CN        DATA 0x86
0000            266   _DPTR           DATA 0x8382
0000            267   _TMR2RL         DATA 0xcbca
0000            268   _TMR3RL         DATA 0x9392
0000            269   _TMR4RL         DATA 0xa3a2
0000            270   _TMR5RL         DATA 0xd3d2
0000            271   _TMR0           DATA 0x8c8a
0000            272   _TMR1           DATA 0x8d8b
0000            273   _TMR2           DATA 0xcfce
0000            274   _TMR3           DATA 0x9594
0000            275   _TMR4           DATA 0xa5a4
0000            276   _TMR5           DATA 0xd5d4
0000            277   _SBRL1          DATA 0x9695
0000            278   _PCA0           DATA 0xfaf9
0000            279   _PCA0CP0        DATA 0xfcfb
0000            280   _PCA0CP1        DATA 0xeae9
0000            281   _PCA0CP2        DATA 0xeceb
0000            282   _PCA0CP3        DATA 0xf5f4
0000            283   _PCA0CP4        DATA 0x8584
0000            284   _PCA0CP5        DATA 0xdedd
0000            285   _ADC0ASA        DATA 0xb6b5
0000            286   _ADC0GT         DATA 0xc4c3
0000            287   _ADC0           DATA 0xbebd
0000            288   _ADC0LT         DATA 0xc6c5
0000            289   _DAC0           DATA 0x8584
0000            290   _DAC1           DATA 0x8a89
0000            291   _DAC2           DATA 0x8c8b
0000            292   _DAC3           DATA 0x8e8d
0000            293   ;--------------------------------------------------------
0000            294   ; special function bits
0000            295   ;--------------------------------------------------------
0000            296   _ACC_0          BIT 0xe0
0000            297   _ACC_1          BIT 0xe1
0000            298   _ACC_2          BIT 0xe2
0000            299   _ACC_3          BIT 0xe3
0000            300   _ACC_4          BIT 0xe4
0000            301   _ACC_5          BIT 0xe5
0000            302   _ACC_6          BIT 0xe6
0000            303   _ACC_7          BIT 0xe7
0000            304   _TEMPE          BIT 0xe8
0000            305   _ADGN0          BIT 0xe9
0000            306   _ADGN1          BIT 0xea
0000            307   _ADWINT         BIT 0xeb
0000            308   _ADBUSY         BIT 0xec
0000            309   _ADINT          BIT 0xed
0000            310   _IPOEN          BIT 0xee
0000            311   _ADEN           BIT 0xef
0000            312   _B_0            BIT 0xf0
0000            313   _B_1            BIT 0xf1
0000            314   _B_2            BIT 0xf2
0000            315   _B_3            BIT 0xf3
0000            316   _B_4            BIT 0xf4
0000            317   _B_5            BIT 0xf5
0000            318   _B_6            BIT 0xf6
0000            319   _B_7            BIT 0xf7
0000            320   _C0FIF          BIT 0xe8
0000            321   _C0RIF          BIT 0xe9
0000            322   _C1FIF          BIT 0xea
0000            323   _C1RIF          BIT 0xeb
0000            324   _C2FIF          BIT 0xec
0000            325   _C2RIF          BIT 0xed
0000            326   _C3FIF          BIT 0xee
0000            327   _C3RIF          BIT 0xef
0000            328   _D1SRC0         BIT 0x88
0000            329   _D1SRC1         BIT 0x89
0000            330   _D1AMEN         BIT 0x8a
0000            331   _D01REFSL       BIT 0x8b
0000            332   _D3SRC0         BIT 0x8c
0000            333   _D3SRC1         BIT 0x8d
0000            334   _D3AMEN         BIT 0x8e
0000            335   _D23REFSL       BIT 0x8f
0000            336   _D0UDIS         BIT 0x98
0000            337   _D1UDIS         BIT 0x99
0000            338   _D2UDIS         BIT 0x9a
0000            339   _D3UDIS         BIT 0x9b
0000            340   _EX0            BIT 0xa8
0000            341   _ET0            BIT 0xa9
0000            342   _EX1            BIT 0xaa
0000            343   _ET1            BIT 0xab
0000            344   _ES0            BIT 0xac
0000            345   _ET2            BIT 0xad
0000            346   _ESPI0          BIT 0xae
0000            347   _EA             BIT 0xaf
0000            348   _PX0            BIT 0xb8
0000            349   _PT0            BIT 0xb9
0000            350   _PX1            BIT 0xba
0000            351   _PT1            BIT 0xbb
0000            352   _PS0            BIT 0xbc
0000            353   _PT2            BIT 0xbd
0000            354   _PSPI0          BIT 0xbe
0000            355   _P0_0           BIT 0x80
0000            356   _P0_1           BIT 0x81
0000            357   _P0_2           BIT 0x82
0000            358   _P0_3           BIT 0x83
0000            359   _P0_4           BIT 0x84
0000            360   _P0_5           BIT 0x85
0000            361   _P0_6           BIT 0x86
0000            362   _P0_7           BIT 0x87
0000            363   _P1_0           BIT 0x90
0000            364   _P1_1           BIT 0x91
0000            365   _P1_2           BIT 0x92
0000            366   _P1_3           BIT 0x93
0000            367   _P1_4           BIT 0x94
0000            368   _P1_5           BIT 0x95
0000            369   _P1_6           BIT 0x96
0000            370   _P1_7           BIT 0x97
0000            371   _P2_0           BIT 0xa0
0000            372   _P2_1           BIT 0xa1
0000            373   _P2_2           BIT 0xa2
0000            374   _P2_3           BIT 0xa3
0000            375   _P2_4           BIT 0xa4
0000            376   _P2_5           BIT 0xa5
0000            377   _P2_6           BIT 0xa6
0000            378   _P3_0           BIT 0xb0
0000            379   _P3_1           BIT 0xb1
0000            380   _P3_2           BIT 0xb2
0000            381   _P3_3           BIT 0xb3
0000            382   _P3_4           BIT 0xb4
0000            383   _P3_7           BIT 0xb7
0000            384   _CCF0           BIT 0xd8
0000            385   _CCF1           BIT 0xd9
0000            386   _CCF2           BIT 0xda
0000            387   _CCF3           BIT 0xdb
0000            388   _CCF4           BIT 0xdc
0000            389   _CCF5           BIT 0xdd
0000            390   _CR             BIT 0xde
0000            391   _CF             BIT 0xdf
0000            392   _PARITY         BIT 0xd0
0000            393   _F1             BIT 0xd1
0000            394   _OV             BIT 0xd2
0000            395   _RS0            BIT 0xd3
0000            396   _RS1            BIT 0xd4
0000            397   _F0             BIT 0xd5
0000            398   _AC             BIT 0xd6
0000            399   _CY             BIT 0xd7
0000            400   _RI             BIT 0x98
0000            401   _TI             BIT 0x99
0000            402   _RB8            BIT 0x9a
0000            403   _TB8            BIT 0x9b
0000            404   _REN            BIT 0x9c
0000            405   _CE             BIT 0x9d
0000            406   _SMODE          BIT 0x9e
0000            407   _RI1            BIT 0xc8
0000            408   _TI1            BIT 0xc9
0000            409   _RBX1           BIT 0xca
0000            410   _TBX1           BIT 0xcb
0000            411   _REN1           BIT 0xcc
0000            412   _PERR1          BIT 0xcd
0000            413   _OVR1           BIT 0xce
0000            414   _SI             BIT 0xc0
0000            415   _ACK            BIT 0xc1
0000            416   _ARBLOST        BIT 0xc2
0000            417   _ACKRQ          BIT 0xc3
0000            418   _STO            BIT 0xc4
0000            419   _STA            BIT 0xc5
0000            420   _TXMODE         BIT 0xc6
0000            421   _MASTER         BIT 0xc7
0000            422   _SPIEN          BIT 0xf8
0000            423   _TXNF           BIT 0xf9
0000            424   _NSSMD0         BIT 0xfa
0000            425   _NSSMD1         BIT 0xfb
0000            426   _RXOVRN         BIT 0xfc
0000            427   _MODF           BIT 0xfd
0000            428   _WCOL           BIT 0xfe
0000            429   _SPIF           BIT 0xff
0000            430   _IT0            BIT 0x88
0000            431   _IE0            BIT 0x89
0000            432   _IT1            BIT 0x8a
0000            433   _IE1            BIT 0x8b
0000            434   _TR0            BIT 0x8c
0000            435   _TF0            BIT 0x8d
0000            436   _TR1            BIT 0x8e
0000            437   _TF1            BIT 0x8f
0000            438   _T2XCLK0        BIT 0xc8
0000            439   _T2XCLK1        BIT 0xc9
0000            440   _TR2            BIT 0xca
0000            441   _T2SPLIT        BIT 0xcb
0000            442   _TF2CEN         BIT 0xcc
0000            443   _TF2LEN         BIT 0xcd
0000            444   _TF2L           BIT 0xce
0000            445   _TF2H           BIT 0xcf
0000            446   _T4XCLK0        BIT 0x98
0000            447   _T4XCLK1        BIT 0x99
0000            448   _TR4            BIT 0x9a
0000            449   _T4SPLIT        BIT 0x9b
0000            450   _TF4CEN         BIT 0x9c
0000            451   _TF4LEN         BIT 0x9d
0000            452   _TF4L           BIT 0x9e
0000            453   _TF4H           BIT 0x9f
0000            454   _T5XCLK0        BIT 0xc0
0000            455   _T5XCLK1        BIT 0xc1
0000            456   _TR5            BIT 0xc2
0000            457   _T5SPLIT        BIT 0xc3
0000            458   _TF5CEN         BIT 0xc4
0000            459   _TF5LEN         BIT 0xc5
0000            460   _TF5L           BIT 0xc6
0000            461   _TF5H           BIT 0xc7
0000            462   _RIE            BIT 0xd8
0000            463   _RXTO0          BIT 0xd9
0000            464   _RXTO1          BIT 0xda
0000            465   _RFRQ           BIT 0xdb
0000            466   _TIE            BIT 0xdc
0000            467   _TXHOLD         BIT 0xdd
0000            468   _TXNF1          BIT 0xde
0000            469   _TFRQ           BIT 0xdf
0000            470   ;--------------------------------------------------------
0000            471   ; overlayable register banks
0000            472   ;--------------------------------------------------------
0000            473            rbank0 segment data overlay
0000            474   ;--------------------------------------------------------
0000            475   ; internal ram data
0000            476   ;--------------------------------------------------------
0000            477            rseg R_DSEG
0000            478   ;--------------------------------------------------------
0000            479   ; overlayable items in internal ram 
0000            480   ;--------------------------------------------------------
0000            481            rseg    R_OSEG
0000            482   ;--------------------------------------------------------
0000            483   ; indirectly addressable internal ram data
0000            484   ;--------------------------------------------------------
0000            485            rseg R_ISEG
0000            486   ;--------------------------------------------------------
0000            487   ; absolute internal ram data
0000            488   ;--------------------------------------------------------
0000            489            DSEG
0000            490   ;--------------------------------------------------------
0000            491   ; bit data
0000            492   ;--------------------------------------------------------
0000            493            rseg R_BSEG
0000            494   ;--------------------------------------------------------
0000            495   ; paged external ram data
0000            496   ;--------------------------------------------------------
0000            497            rseg R_PSEG
0000            498   ;--------------------------------------------------------
0000            499   ; external ram data
0000            500   ;--------------------------------------------------------
0000            501            rseg R_XSEG
0000            502   ;--------------------------------------------------------
0000            503   ; absolute external ram data
0000            504   ;--------------------------------------------------------
0000            505            XSEG
0000            506   ;--------------------------------------------------------
0000            507   ; external initialized ram data
0000            508   ;--------------------------------------------------------
0000            509            rseg R_IXSEG
0000            510            rseg R_HOME
0000            511            rseg R_GSINIT
0000            512            rseg R_CSEG
0000            513   ;--------------------------------------------------------
0000            514   ; Reset entry point and interrupt vectors
0000            515   ;--------------------------------------------------------
0000            516            CSEG at 0x0000
0000 020000     517            ljmp    _crt0
0003            518   ;--------------------------------------------------------
0003            519   ; global & static initialisations
0003            520   ;--------------------------------------------------------
0000            521            rseg R_HOME
0000            522            rseg R_GSINIT
0000            523            rseg R_GSINIT
0000            524   ;--------------------------------------------------------
0000            525   ; data variables initialization
0000            526   ;--------------------------------------------------------
0000            527            rseg R_DINIT
0000            528            ; The linker places a 'ret' at the end of segment R_DINIT.
0000            529   ;--------------------------------------------------------
0000            530   ; code
0000            531   ;--------------------------------------------------------
0000            532            rseg R_CSEG
0000            533   ;------------------------------------------------------------
0000            534   ;Allocation info for local variables in function '_c51_external_startup'
0000            535   ;------------------------------------------------------------
0000            536   ;------------------------------------------------------------
0000            537   ;        HelloWorld.c:7: char _c51_external_startup (void)
0000            538   ;        -----------------------------------------
0000            539   ;         function _c51_external_startup
0000            540   ;        -----------------------------------------
0000            541   __c51_external_startup:
0000            542            using   0
0000            543   ;        HelloWorld.c:10: SFRPAGE = 0x00;
0000 75A700     544            mov     _SFRPAGE,#0x00
0003            545   ;        HelloWorld.c:11: WDTCN = 0xDE; //First key
0003 7597DE     546            mov     _WDTCN,#0xDE
0006            547   ;        HelloWorld.c:12: WDTCN = 0xAD; //Second key
0006 7597AD     548            mov     _WDTCN,#0xAD
0009            549   ;        HelloWorld.c:14: VDM0CN |= 0x80;
0009 43FF80     550            orl     _VDM0CN,#0x80
000C            551   ;        HelloWorld.c:15: RSTSRC = 0x02;
000C 75EF02     552            mov     _RSTSRC,#0x02
000F            553   ;        HelloWorld.c:18: SFRPAGE = 0x00;
000F 75A700     554            mov     _SFRPAGE,#0x00
0012            555   ;        HelloWorld.c:19: CLKSEL  = 0x00;
0012 75A900     556            mov     _CLKSEL,#0x00
0015            557   ;        HelloWorld.c:20: CLKSEL  = 0x00;
0015 75A900     558            mov     _CLKSEL,#0x00
0018            559   ;        HelloWorld.c:21: while ((CLKSEL & 0x80) == 0);
0018            560   L002001?:
0018 E5A9       561            mov     a,_CLKSEL
001A 30E748     562            jnb     acc.7,L002001?
001D            563   ;        HelloWorld.c:23: P0MDOUT |= 0x10; // Enable UART0 TX as push-pull output
001D 43A410     564            orl     _P0MDOUT,#0x10
0020            565   ;        HelloWorld.c:24: XBR0     = 0x01; // Enable UART0 on P0.4(TX) and P0.5(RX)
0020 75E101     566            mov     _XBR0,#0x01
0023            567   ;        HelloWorld.c:25: XBR1     = 0X00;
0023 75E200     568            mov     _XBR1,#0x00
0026            569   ;        HelloWorld.c:26: XBR2     = 0x40; // Enable crossbar and weak pull-ups
0026 75E340     570            mov     _XBR2,#0x40
0029            571   ;        HelloWorld.c:29: SCON0 = 0x10;
0029 759810     572            mov     _SCON0,#0x10
002C            573   ;        HelloWorld.c:30: CKCON0 |= 0b_0000_1000 ; // Timer 1 uses the system clock.
002C 438E08     574            orl     _CKCON0,#0x08
002F            575   ;        HelloWorld.c:31: TH1 = 0x100-((SYSCLK/BAUDRATE)/2L);
002F 758D96     576            mov     _TH1,#0x96
0032            577   ;        HelloWorld.c:32: TL1 = TH1;      // Init Timer1
0032 858D8B     578            mov     _TL1,_TH1
0035            579   ;        HelloWorld.c:33: TMOD &= ~0xf0;  // TMOD: timer 1 in 8-bit auto-reload
0035 53890F     580            anl     _TMOD,#0x0F
0038            581   ;        HelloWorld.c:34: TMOD |=  0x20;
0038 438920     582            orl     _TMOD,#0x20
003B            583   ;        HelloWorld.c:35: TR1 = 1; // START Timer1
003B D28E       584            setb    _TR1
003D            585   ;        HelloWorld.c:36: TI = 1;  // Indicate TX0 ready
003D D299       586            setb    _TI
003F            587   ;        HelloWorld.c:38: return 0;
003F 758200     588            mov     dpl,#0x00
0042 22         589            ret
0043            590   ;------------------------------------------------------------
0043            591   ;Allocation info for local variables in function 'Timer3us'
0043            592   ;------------------------------------------------------------
0043            593   ;us                        Allocated to registers r2 
0043            594   ;i                         Allocated to registers r3 
0043            595   ;------------------------------------------------------------
0043            596   ;        HelloWorld.c:42: void Timer3us(unsigned char us)
0043            597   ;        -----------------------------------------
0043            598   ;         function Timer3us
0043            599   ;        -----------------------------------------
0043            600   _Timer3us:
0043 AA82       601            mov     r2,dpl
0045            602   ;        HelloWorld.c:47: CKCON0|=0b_0100_0000;
0045 438E40     603            orl     _CKCON0,#0x40
0048            604   ;        HelloWorld.c:49: TMR3RL = (-(SYSCLK)/1000000L); // Set Timer3 to overflow in 1us.
0048 7592E8     605            mov     _TMR3RL,#0xE8
004B 7593FF     606            mov     (_TMR3RL >> 8),#0xFF
004E            607   ;        HelloWorld.c:50: TMR3 = TMR3RL;                 // Initialize Timer3 for first overflow
004E 859294     608            mov     _TMR3,_TMR3RL
0051 859395     609            mov     (_TMR3 >> 8),(_TMR3RL >> 8)
0054            610   ;        HelloWorld.c:52: TMR3CN0 = 0x04;                 // Sart Timer3 and clear overflow flag
0054 759104     611            mov     _TMR3CN0,#0x04
0057            612   ;        HelloWorld.c:53: for (i = 0; i < us; i++)       // Count <us> overflows
0057 7B00       613            mov     r3,#0x00
0059            614   L003004?:
0059 C3         615            clr     c
005A EB         616            mov     a,r3
005B 9A         617            subb    a,r2
005C 5000       618            jnc     L003007?
005E            619   ;        HelloWorld.c:55: while (!(TMR3CN0 & 0x80));  // Wait for overflow
005E            620   L003001?:
005E E591       621            mov     a,_TMR3CN0
0060 30E788     622            jnb     acc.7,L003001?
0063            623   ;        HelloWorld.c:56: TMR3CN0 &= ~(0x80);         // Clear overflow indicator
0063 53917F     624            anl     _TMR3CN0,#0x7F
0066            625   ;        HelloWorld.c:53: for (i = 0; i < us; i++)       // Count <us> overflows
0066 0B         626            inc     r3
0067 8000       627            sjmp    L003004?
0069            628   L003007?:
0069            629   ;        HelloWorld.c:58: TMR3CN0 = 0 ;                   // Stop Timer3 and clear overflow flag
0069 759100     630            mov     _TMR3CN0,#0x00
006C 22         631            ret
006D            632   ;------------------------------------------------------------
006D            633   ;Allocation info for local variables in function 'WaitXms'
006D            634   ;------------------------------------------------------------
006D            635   ;ms                        Allocated to registers r2 r3 
006D            636   ;j                         Allocated to registers r2 r3 
006D            637   ;------------------------------------------------------------
006D            638   ;        HelloWorld.c:61: void WaitXms (unsigned int ms)
006D            639   ;        -----------------------------------------
006D            640   ;         function WaitXms
006D            641   ;        -----------------------------------------
006D            642   _WaitXms:
006D AA82       643            mov     r2,dpl
006F AB83       644            mov     r3,dph
0071            645   ;        HelloWorld.c:64: for(j=ms; j!=0; j--)
0071            646   L004001?:
0071 BA0048     647            cjne    r2,#0x00,L004010?
0074 BB0048     648            cjne    r3,#0x00,L004010?
0077 22         649            ret
0078            650   L004010?:
0078            651   ;        HelloWorld.c:66: Timer3us(249);
0078 7582F9     652            mov     dpl,#0xF9
007B C002       653            push    ar2
007D C003       654            push    ar3
007F 120000     655            lcall   _Timer3us
0082            656   ;        HelloWorld.c:67: Timer3us(249);
0082 7582F9     657            mov     dpl,#0xF9
0085 120000     658            lcall   _Timer3us
0088            659   ;        HelloWorld.c:68: Timer3us(249);
0088 7582F9     660            mov     dpl,#0xF9
008B 120000     661            lcall   _Timer3us
008E            662   ;        HelloWorld.c:69: Timer3us(250);
008E 7582FA     663            mov     dpl,#0xFA
0091 120000     664            lcall   _Timer3us
0094 D003       665            pop     ar3
0096 D002       666            pop     ar2
0098            667   ;        HelloWorld.c:64: for(j=ms; j!=0; j--)
0098 1A         668            dec     r2
0099 BAFF88     669            cjne    r2,#0xff,L004011?
009C 1B         670            dec     r3
009D            671   L004011?:
009D 8000       672            sjmp    L004001?
009F            673   ;------------------------------------------------------------
009F            674   ;Allocation info for local variables in function 'main'
009F            675   ;------------------------------------------------------------
009F            676   ;------------------------------------------------------------
009F            677   ;        HelloWorld.c:73: void main (void)
009F            678   ;        -----------------------------------------
009F            679   ;         function main
009F            680   ;        -----------------------------------------
009F            681   _main:
009F            682   ;        HelloWorld.c:75: WaitXms(500); // Give PuTTY a chance to start.
009F 9001F4     683            mov     dptr,#0x01F4
00A2 120000     684            lcall   _WaitXms
00A5            685   ;        HelloWorld.c:76: printf( "Hello, world!\r\n" );
00A5 74C8       686            mov     a,#__str_0
00A7 C0E0       687            push    acc
00A9 74AF       688            mov     a,#(__str_0 >> 8)
00AB C0E0       689            push    acc
00AD 7480       690            mov     a,#0x80
00AF C0E0       691            push    acc
00B1 120000     692            lcall   _printf
00B4 1581       693            dec     sp
00B6 1581       694            dec     sp
00B8 1581       695            dec     sp
00BA 22         696            ret
00BB            697            rseg R_CSEG
00BB            698   
0000            699            rseg R_XINIT
0000            700   
0000            701            rseg R_CONST
0000            702   __str_0:
0000 48656C6C   703            db 'Hello, world!'
     6F2C2077
     6F726C64
     21
000D 0D         704            db 0x0D
000E 0A         705            db 0x0A
000F 00         706            db 0x00
0010            707   
0003            708            CSEG
0003            709   
0003            710   end
