0000              1   ;--------------------------------------------------------
0000              2   ; File Created by C51
0000              3   ; Version 1.0.0 #1170 (Feb 16 2022) (MSVC)
0000              4   ; This file was generated Mon Mar 11 11:45:31 2024
0000              5   ;--------------------------------------------------------
                  5   $name Blinky
                  6   $optc51 --model-small
0000              8            R_DSEG    segment data
0000              9            R_CSEG    segment code
0000             10            R_BSEG    segment bit
0000             11            R_XSEG    segment xdata
0000             12            R_PSEG    segment xdata
0000             13            R_ISEG    segment idata
0000             14            R_OSEG    segment data overlay
0000             15            BIT_BANK  segment data overlay
0000             16            R_HOME    segment code
0000             17            R_Gs_0  segment code
0000             18            R_IXSEG   segment xdata
0000             19            R_CONST   segment code
0000             20            R_XINIT   segment code
0000             21            R_DINIT   segment code
0000             22
0000             23   ;--------------------------------------------------------
0000             24   ; Public variables in this module
0000             25   ;--------------------------------------------------------
0000             26            public _main
0000             27            public _delay
0000             28            public __c51_external_startup
0000             29   ;--------------------------------------------------------
0000             30   ; Special Function Registers
0000             31   ;--------------------------------------------------------
0000             32   _ACC            DATA 0xe0
0000             33   _ADC0ASAH       DATA 0xb6
0000             34   _ADC0ASAL       DATA 0xb5
0000             35   _ADC0ASCF       DATA 0xa1
0000             36   _ADC0ASCT       DATA 0xc7
0000             37   _ADC0CF0        DATA 0xbc
0000             38   _ADC0CF1        DATA 0xb9
0000             39   _ADC0CF2        DATA 0xdf
0000             40   _ADC0CN0        DATA 0xe8
0000             41   _ADC0CN1        DATA 0xb2
0000             42   _ADC0CN2        DATA 0xb3
0000             43   _ADC0GTH        DATA 0xc4
0000             44   _ADC0GTL        DATA 0xc3
0000             45   _ADC0H          DATA 0xbe
0000             46   _ADC0L          DATA 0xbd
0000             47   _ADC0LTH        DATA 0xc6
0000             48   _ADC0LTL        DATA 0xc5
0000             49   _ADC0MX         DATA 0xbb
0000             50   _B              DATA 0xf0
0000             51   _CKCON0         DATA 0x8e
0000             52   _CKCON1         DATA 0xa6
0000             53   _CLEN0          DATA 0xc6
0000             54   _CLIE0          DATA 0xc7
0000             55   _CLIF0          DATA 0xe8
0000             56   _CLKSEL         DATA 0xa9
0000             57   _CLOUT0         DATA 0xd1
0000             58   _CLU0CF         DATA 0xb1
0000             59   _CLU0FN         DATA 0xaf
0000             60   _CLU0MX         DATA 0x84
0000             61   _CLU1CF         DATA 0xb3
0000             62   _CLU1FN         DATA 0xb2
0000             63   _CLU1MX         DATA 0x85
0000             64   _CLU2CF         DATA 0xb6
0000             65   _CLU2FN         DATA 0xb5
0000             66   _CLU2MX         DATA 0x91
0000             67   _CLU3CF         DATA 0xbf
0000             68   _CLU3FN         DATA 0xbe
0000             69   _CLU3MX         DATA 0xae
0000             70   _CMP0CN0        DATA 0x9b
0000             71   _CMP0CN1        DATA 0x99
0000             72   _CMP0MD         DATA 0x9d
0000             73   _CMP0MX         DATA 0x9f
0000             74   _CMP1CN0        DATA 0xbf
0000             75   _CMP1CN1        DATA 0xac
0000             76   _CMP1MD         DATA 0xab
0000             77   _CMP1MX         DATA 0xaa
0000             78   _CRC0CN0        DATA 0xce
0000             79   _CRC0CN1        DATA 0x86
0000             80   _CRC0CNT        DATA 0xd3
0000             81   _CRC0DAT        DATA 0xcb
0000             82   _CRC0FLIP       DATA 0xcf
0000             83   _CRC0IN         DATA 0xca
0000             84   _CRC0ST         DATA 0xd2
0000             85   _DAC0CF0        DATA 0x91
0000             86   _DAC0CF1        DATA 0x92
0000             87   _DAC0H          DATA 0x85
0000             88   _DAC0L          DATA 0x84
0000             89   _DAC1CF0        DATA 0x93
0000             90   _DAC1CF1        DATA 0x94
0000             91   _DAC1H          DATA 0x8a
0000             92   _DAC1L          DATA 0x89
0000             93   _DAC2CF0        DATA 0x95
0000             94   _DAC2CF1        DATA 0x96
0000             95   _DAC2H          DATA 0x8c
0000             96   _DAC2L          DATA 0x8b
0000             97   _DAC3CF0        DATA 0x9a
0000             98   _DAC3CF1        DATA 0x9c
0000             99   _DAC3H          DATA 0x8e
0000            100   _DAC3L          DATA 0x8d
0000            101   _DACGCF0        DATA 0x88
0000            102   _DACGCF1        DATA 0x98
0000            103   _DACGCF2        DATA 0xa2
0000            104   _DERIVID        DATA 0xad
0000            105   _DEVICEID       DATA 0xb5
0000            106   _DPH            DATA 0x83
0000            107   _DPL            DATA 0x82
0000            108   _EIE1           DATA 0xe6
0000            109   _EIE2           DATA 0xf3
0000            110   _EIP1           DATA 0xbb
0000            111   _EIP1H          DATA 0xee
0000            112   _EIP2           DATA 0xed
0000            113   _EIP2H          DATA 0xf6
0000            114   _EMI0CN         DATA 0xe7
0000            115   _FLKEY          DATA 0xb7
0000            116   _HFO0CAL        DATA 0xc7
0000            117   _HFO1CAL        DATA 0xd6
0000            118   _HFOCN          DATA 0xef
0000            119   _I2C0ADM        DATA 0xff
0000            120   _I2C0CN0        DATA 0xba
0000            121   _I2C0DIN        DATA 0xbc
0000            122   _I2C0DOUT       DATA 0xbb
0000            123   _I2C0FCN0       DATA 0xad
0000            124   _I2C0FCN1       DATA 0xab
0000            125   _I2C0FCT        DATA 0xf5
0000            126   _I2C0SLAD       DATA 0xbd
0000            127   _I2C0STAT       DATA 0xb9
0000            128   _IE             DATA 0xa8
0000            129   _IP             DATA 0xb8
0000            130   _IPH            DATA 0xf2
0000            131   _IT01CF         DATA 0xe4
0000            132   _LFO0CN         DATA 0xb1
0000            133   _P0             DATA 0x80
0000            134   _P0MASK         DATA 0xfe
0000            135   _P0MAT          DATA 0xfd
0000            136   _P0MDIN         DATA 0xf1
0000            137   _P0MDOUT        DATA 0xa4
0000            138   _P0SKIP         DATA 0xd4
0000            139   _P1             DATA 0x90
0000            140   _P1MASK         DATA 0xee
0000            141   _P1MAT          DATA 0xed
0000            142   _P1MDIN         DATA 0xf2
0000            143   _P1MDOUT        DATA 0xa5
0000            144   _P1SKIP         DATA 0xd5
0000            145   _P2             DATA 0xa0
0000            146   _P2MASK         DATA 0xfc
0000            147   _P2MAT          DATA 0xfb
0000            148   _P2MDIN         DATA 0xf3
0000            149   _P2MDOUT        DATA 0xa6
0000            150   _P2SKIP         DATA 0xcc
0000            151   _P3             DATA 0xb0
0000            152   _P3MDIN         DATA 0xf4
0000            153   _P3MDOUT        DATA 0x9c
0000            154   _PCA0CENT       DATA 0x9e
0000            155   _PCA0CLR        DATA 0x9c
0000            156   _PCA0CN0        DATA 0xd8
0000            157   _PCA0CPH0       DATA 0xfc
0000            158   _PCA0CPH1       DATA 0xea
0000            159   _PCA0CPH2       DATA 0xec
0000            160   _PCA0CPH3       DATA 0xf5
0000            161   _PCA0CPH4       DATA 0x85
0000            162   _PCA0CPH5       DATA 0xde
0000            163   _PCA0CPL0       DATA 0xfb
0000            164   _PCA0CPL1       DATA 0xe9
0000            165   _PCA0CPL2       DATA 0xeb
0000            166   _PCA0CPL3       DATA 0xf4
0000            167   _PCA0CPL4       DATA 0x84
0000            168   _PCA0CPL5       DATA 0xdd
0000            169   _PCA0CPM0       DATA 0xda
0000            170   _PCA0CPM1       DATA 0xdb
0000            171   _PCA0CPM2       DATA 0xdc
0000            172   _PCA0CPM3       DATA 0xae
0000            173   _PCA0CPM4       DATA 0xaf
0000            174   _PCA0CPM5       DATA 0xcc
0000            175   _PCA0H          DATA 0xfa
0000            176   _PCA0L          DATA 0xf9
0000            177   _PCA0MD         DATA 0xd9
0000            178   _PCA0POL        DATA 0x96
0000            179   _PCA0PWM        DATA 0xf7
0000            180   _PCON0          DATA 0x87
0000            181   _PCON1          DATA 0xcd
0000            182   _PFE0CN         DATA 0xc1
0000            183   _PRTDRV         DATA 0xf6
0000            184   _PSCTL          DATA 0x8f
0000            185   _PSTAT0         DATA 0xaa
0000            186   _PSW            DATA 0xd0
0000            187   _REF0CN         DATA 0xd1
0000            188   _REG0CN         DATA 0xc9
0000            189   _REVID          DATA 0xb6
0000            190   _RSTSRC         DATA 0xef
0000            191   _SBCON1         DATA 0x94
0000            192   _SBRLH1         DATA 0x96
0000            193   _SBRLL1         DATA 0x95
0000            194   _SBUF           DATA 0x99
0000            195   _SBUF0          DATA 0x99
0000            196   _SBUF1          DATA 0x92
0000            197   _SCON           DATA 0x98
0000            198   _SCON0          DATA 0x98
0000            199   _SCON1          DATA 0xc8
0000            200   _SFRPAGE        DATA 0xa7
0000            201   _SFRPGCN        DATA 0xbc
0000            202   _SFRSTACK       DATA 0xd7
0000            203   _SMB0ADM        DATA 0xd6
0000            204   _SMB0ADR        DATA 0xd7
0000            205   _SMB0CF         DATA 0xc1
0000            206   _SMB0CN0        DATA 0xc0
0000            207   _SMB0DAT        DATA 0xc2
0000            208   _SMB0FCN0       DATA 0xc3
0000            209   _SMB0FCN1       DATA 0xc4
0000            210   _SMB0FCT        DATA 0xef
0000            211   _SMB0RXLN       DATA 0xc5
0000            212   _SMB0TC         DATA 0xac
0000            213   _SMOD1          DATA 0x93
0000            214   _SP             DATA 0x81
0000            215   _SPI0CFG        DATA 0xa1
0000            216   _SPI0CKR        DATA 0xa2
0000            217   _SPI0CN0        DATA 0xf8
0000            218   _SPI0DAT        DATA 0xa3
0000            219   _SPI0FCN0       DATA 0x9a
0000            220   _SPI0FCN1       DATA 0x9b
0000            221   _SPI0FCT        DATA 0xf7
0000            222   _SPI0PCF        DATA 0xdf
0000            223   _TCON           DATA 0x88
0000            224   _TH0            DATA 0x8c
0000            225   _TH1            DATA 0x8d
0000            226   _TL0            DATA 0x8a
0000            227   _TL1            DATA 0x8b
0000            228   _TMOD           DATA 0x89
0000            229   _TMR2CN0        DATA 0xc8
0000            230   _TMR2CN1        DATA 0xfd
0000            231   _TMR2H          DATA 0xcf
0000            232   _TMR2L          DATA 0xce
0000            233   _TMR2RLH        DATA 0xcb
0000            234   _TMR2RLL        DATA 0xca
0000            235   _TMR3CN0        DATA 0x91
0000            236   _TMR3CN1        DATA 0xfe
0000            237   _TMR3H          DATA 0x95
0000            238   _TMR3L          DATA 0x94
0000            239   _TMR3RLH        DATA 0x93
0000            240   _TMR3RLL        DATA 0x92
0000            241   _TMR4CN0        DATA 0x98
0000            242   _TMR4CN1        DATA 0xff
0000            243   _TMR4H          DATA 0xa5
0000            244   _TMR4L          DATA 0xa4
0000            245   _TMR4RLH        DATA 0xa3
0000            246   _TMR4RLL        DATA 0xa2
0000            247   _TMR5CN0        DATA 0xc0
0000            248   _TMR5CN1        DATA 0xf1
0000            249   _TMR5H          DATA 0xd5
0000            250   _TMR5L          DATA 0xd4
0000            251   _TMR5RLH        DATA 0xd3
0000            252   _TMR5RLL        DATA 0xd2
0000            253   _UART0PCF       DATA 0xd9
0000            254   _UART1FCN0      DATA 0x9d
0000            255   _UART1FCN1      DATA 0xd8
0000            256   _UART1FCT       DATA 0xfa
0000            257   _UART1LIN       DATA 0x9e
0000            258   _UART1PCF       DATA 0xda
0000            259   _VDM0CN         DATA 0xff
0000            260   _WDTCN          DATA 0x97
0000            261   _XBR0           DATA 0xe1
0000            262   _XBR1           DATA 0xe2
0000            263   _XBR2           DATA 0xe3
0000            264   _XOSC0CN        DATA 0x86
0000            265   _DPTR           DATA 0x8382
0000            266   _TMR2RL         DATA 0xcbca
0000            267   _TMR3RL         DATA 0x9392
0000            268   _TMR4RL         DATA 0xa3a2
0000            269   _TMR5RL         DATA 0xd3d2
0000            270   _TMR0           DATA 0x8c8a
0000            271   _TMR1           DATA 0x8d8b
0000            272   _TMR2           DATA 0xcfce
0000            273   _TMR3           DATA 0x9594
0000            274   _TMR4           DATA 0xa5a4
0000            275   _TMR5           DATA 0xd5d4
0000            276   _SBRL1          DATA 0x9695
0000            277   _PCA0           DATA 0xfaf9
0000            278   _PCA0CP0        DATA 0xfcfb
0000            279   _PCA0CP1        DATA 0xeae9
0000            280   _PCA0CP2        DATA 0xeceb
0000            281   _PCA0CP3        DATA 0xf5f4
0000            282   _PCA0CP4        DATA 0x8584
0000            283   _PCA0CP5        DATA 0xdedd
0000            284   _ADC0ASA        DATA 0xb6b5
0000            285   _ADC0GT         DATA 0xc4c3
0000            286   _ADC0           DATA 0xbebd
0000            287   _ADC0LT         DATA 0xc6c5
0000            288   _DAC0           DATA 0x8584
0000            289   _DAC1           DATA 0x8a89
0000            290   _DAC2           DATA 0x8c8b
0000            291   _DAC3           DATA 0x8e8d
0000            292   ;--------------------------------------------------------
0000            293   ; special function bits
0000            294   ;--------------------------------------------------------
0000            295   _ACC_0          BIT 0xe0
0000            296   _ACC_1          BIT 0xe1
0000            297   _ACC_2          BIT 0xe2
0000            298   _ACC_3          BIT 0xe3
0000            299   _ACC_4          BIT 0xe4
0000            300   _ACC_5          BIT 0xe5
0000            301   _ACC_6          BIT 0xe6
0000            302   _ACC_7          BIT 0xe7
0000            303   _TEMPE          BIT 0xe8
0000            304   _ADGN0          BIT 0xe9
0000            305   _ADGN1          BIT 0xea
0000            306   _ADWINT         BIT 0xeb
0000            307   _ADBUSY         BIT 0xec
0000            308   _ADINT          BIT 0xed
0000            309   _IPOEN          BIT 0xee
0000            310   _ADEN           BIT 0xef
0000            311   _B_0            BIT 0xf0
0000            312   _B_1            BIT 0xf1
0000            313   _B_2            BIT 0xf2
0000            314   _B_3            BIT 0xf3
0000            315   _B_4            BIT 0xf4
0000            316   _B_5            BIT 0xf5
0000            317   _B_6            BIT 0xf6
0000            318   _B_7            BIT 0xf7
0000            319   _C0FIF          BIT 0xe8
0000            320   _C0RIF          BIT 0xe9
0000            321   _C1FIF          BIT 0xea
0000            322   _C1RIF          BIT 0xeb
0000            323   _C2FIF          BIT 0xec
0000            324   _C2RIF          BIT 0xed
0000            325   _C3FIF          BIT 0xee
0000            326   _C3RIF          BIT 0xef
0000            327   _D1SRC0         BIT 0x88
0000            328   _D1SRC1         BIT 0x89
0000            329   _D1AMEN         BIT 0x8a
0000            330   _D01REFSL       BIT 0x8b
0000            331   _D3SRC0         BIT 0x8c
0000            332   _D3SRC1         BIT 0x8d
0000            333   _D3AMEN         BIT 0x8e
0000            334   _D23REFSL       BIT 0x8f
0000            335   _D0UDIS         BIT 0x98
0000            336   _D1UDIS         BIT 0x99
0000            337   _D2UDIS         BIT 0x9a
0000            338   _D3UDIS         BIT 0x9b
0000            339   _EX0            BIT 0xa8
0000            340   _ET0            BIT 0xa9
0000            341   _EX1            BIT 0xaa
0000            342   _ET1            BIT 0xab
0000            343   _ES0            BIT 0xac
0000            344   _ET2            BIT 0xad
0000            345   _ESPI0          BIT 0xae
0000            346   _EA             BIT 0xaf
0000            347   _PX0            BIT 0xb8
0000            348   _PT0            BIT 0xb9
0000            349   _PX1            BIT 0xba
0000            350   _PT1            BIT 0xbb
0000            351   _PS0            BIT 0xbc
0000            352   _PT2            BIT 0xbd
0000            353   _PSPI0          BIT 0xbe
0000            354   _P0_0           BIT 0x80
0000            355   _P0_1           BIT 0x81
0000            356   _P0_2           BIT 0x82
0000            357   _P0_3           BIT 0x83
0000            358   _P0_4           BIT 0x84
0000            359   _P0_5           BIT 0x85
0000            360   _P0_6           BIT 0x86
0000            361   _P0_7           BIT 0x87
0000            362   _P1_0           BIT 0x90
0000            363   _P1_1           BIT 0x91
0000            364   _P1_2           BIT 0x92
0000            365   _P1_3           BIT 0x93
0000            366   _P1_4           BIT 0x94
0000            367   _P1_5           BIT 0x95
0000            368   _P1_6           BIT 0x96
0000            369   _P1_7           BIT 0x97
0000            370   _P2_0           BIT 0xa0
0000            371   _P2_1           BIT 0xa1
0000            372   _P2_2           BIT 0xa2
0000            373   _P2_3           BIT 0xa3
0000            374   _P2_4           BIT 0xa4
0000            375   _P2_5           BIT 0xa5
0000            376   _P2_6           BIT 0xa6
0000            377   _P3_0           BIT 0xb0
0000            378   _P3_1           BIT 0xb1
0000            379   _P3_2           BIT 0xb2
0000            380   _P3_3           BIT 0xb3
0000            381   _P3_4           BIT 0xb4
0000            382   _P3_7           BIT 0xb7
0000            383   _CCF0           BIT 0xd8
0000            384   _CCF1           BIT 0xd9
0000            385   _CCF2           BIT 0xda
0000            386   _CCF3           BIT 0xdb
0000            387   _CCF4           BIT 0xdc
0000            388   _CCF5           BIT 0xdd
0000            389   _CR             BIT 0xde
0000            390   _CF             BIT 0xdf
0000            391   _PARITY         BIT 0xd0
0000            392   _F1             BIT 0xd1
0000            393   _OV             BIT 0xd2
0000            394   _RS0            BIT 0xd3
0000            395   _Rs_1            BIT 0xd4
0000            396   _F0             BIT 0xd5
0000            397   _AC             BIT 0xd6
0000            398   _CY             BIT 0xd7
0000            399   _RI             BIT 0x98
0000            400   _TI             BIT 0x99
0000            401   _RB8            BIT 0x9a
0000            402   _TB8            BIT 0x9b
0000            403   _REN            BIT 0x9c
0000            404   _CE             BIT 0x9d
0000            405   _SMODE          BIT 0x9e
0000            406   _RI1            BIT 0xc8
0000            407   _TI1            BIT 0xc9
0000            408   _RBX1           BIT 0xca
0000            409   _TBX1           BIT 0xcb
0000            410   _REN1           BIT 0xcc
0000            411   _PERR1          BIT 0xcd
0000            412   _OVR1           BIT 0xce
0000            413   _SI             BIT 0xc0
0000            414   _ACK            BIT 0xc1
0000            415   _ARBLOST        BIT 0xc2
0000            416   _ACKRQ          BIT 0xc3
0000            417   _STO            BIT 0xc4
0000            418   _STA            BIT 0xc5
0000            419   _TXMODE         BIT 0xc6
0000            420   _MASTER         BIT 0xc7
0000            421   _SPIEN          BIT 0xf8
0000            422   _TXNF           BIT 0xf9
0000            423   _NSSMD0         BIT 0xfa
0000            424   _NSSMD1         BIT 0xfb
0000            425   _RXOVRN         BIT 0xfc
0000            426   _MODF           BIT 0xfd
0000            427   _WCOL           BIT 0xfe
0000            428   _SPIF           BIT 0xff
0000            429   _IT0            BIT 0x88
0000            430   _IE0            BIT 0x89
0000            431   _IT1            BIT 0x8a
0000            432   _IE1            BIT 0x8b
0000            433   _TR0            BIT 0x8c
0000            434   _TF0            BIT 0x8d
0000            435   _TR1            BIT 0x8e
0000            436   _TF1            BIT 0x8f
0000            437   _T2XCLK0        BIT 0xc8
0000            438   _T2XCLK1        BIT 0xc9
0000            439   _TR2            BIT 0xca
0000            440   _T2SPLIT        BIT 0xcb
0000            441   _TF2CEN         BIT 0xcc
0000            442   _TF2LEN         BIT 0xcd
0000            443   _TF2L           BIT 0xce
0000            444   _TF2H           BIT 0xcf
0000            445   _T4XCLK0        BIT 0x98
0000            446   _T4XCLK1        BIT 0x99
0000            447   _TR4            BIT 0x9a
0000            448   _T4SPLIT        BIT 0x9b
0000            449   _TF4CEN         BIT 0x9c
0000            450   _TF4LEN         BIT 0x9d
0000            451   _TF4L           BIT 0x9e
0000            452   _TF4H           BIT 0x9f
0000            453   _T5XCLK0        BIT 0xc0
0000            454   _T5XCLK1        BIT 0xc1
0000            455   _TR5            BIT 0xc2
0000            456   _T5SPLIT        BIT 0xc3
0000            457   _TF5CEN         BIT 0xc4
0000            458   _TF5LEN         BIT 0xc5
0000            459   _TF5L           BIT 0xc6
0000            460   _TF5H           BIT 0xc7
0000            461   _RIE            BIT 0xd8
0000            462   _RXTO0          BIT 0xd9
0000            463   _RXTO1          BIT 0xda
0000            464   _RFRQ           BIT 0xdb
0000            465   _TIE            BIT 0xdc
0000            466   _TXHOLD         BIT 0xdd
0000            467   _TXNF1          BIT 0xde
0000            468   _TFRQ           BIT 0xdf
0000            469   ;--------------------------------------------------------
0000            470   ; overlayable register banks
0000            471   ;--------------------------------------------------------
0000            472            rbank0 segment data overlay
0000            473   ;--------------------------------------------------------
0000            474   ; internal ram data
0000            475   ;--------------------------------------------------------
0000            476            rseg R_DSEG
0000            477   ;--------------------------------------------------------
0000            478   ; overlayable items in internal ram
0000            479   ;--------------------------------------------------------
0000            480            rseg    R_OSEG
0000            481   ;--------------------------------------------------------
0000            482   ; indirectly addressable internal ram data
0000            483   ;--------------------------------------------------------
0000            484            rseg R_ISEG
0000            485   ;--------------------------------------------------------
0000            486   ; absolute internal ram data
0000            487   ;--------------------------------------------------------
0000            488            DSEG
0000            489   ;--------------------------------------------------------
0000            490   ; bit data
0000            491   ;--------------------------------------------------------
0000            492            rseg R_BSEG
0000            493   ;--------------------------------------------------------
0000            494   ; paged external ram data
0000            495   ;--------------------------------------------------------
0000            496            rseg R_PSEG
0000            497   ;--------------------------------------------------------
0000            498   ; external ram data
0000            499   ;--------------------------------------------------------
0000            500            rseg R_XSEG
0000            501   ;--------------------------------------------------------
0000            502   ; absolute external ram data
0000            503   ;--------------------------------------------------------
0000            504            XSEG
0000            505   ;--------------------------------------------------------
0000            506   ; external initialized ram data
0000            507   ;--------------------------------------------------------
0000            508            rseg R_IXSEG
0000            509            rseg R_HOME
0000            510            rseg R_Gs_0
0000            511            rseg R_CSEG
0000            512   ;--------------------------------------------------------
0000            513   ; Reset entry point and interrupt vectors
0000            514   ;--------------------------------------------------------
0000            515            CSEG at 0x0000
0000 020000     516            ljmp    _crt0
0003            517   ;--------------------------------------------------------
0003            518   ; global & static initialisations
0003            519   ;--------------------------------------------------------
0000            520            rseg R_HOME
0000            521            rseg R_Gs_0
0000            522            rseg R_Gs_0
0000            523   ;--------------------------------------------------------
0000            524   ; data variables initialization
0000            525   ;--------------------------------------------------------
0000            526            rseg R_DINIT
0000            527            ; The linker places a 'ret' at the end of segment R_DINIT.
0000            528   ;--------------------------------------------------------
0000            529   ; code
0000            530   ;--------------------------------------------------------
0000            531            rseg R_CSEG
0000            532   ;------------------------------------------------------------
0000            533   ;Allocation info for local variables in function '_c51_external_startup'
0000            534   ;------------------------------------------------------------
0000            535   ;------------------------------------------------------------
0000            536   ;        Blinky.c:4: char _c51_external_startup (void)
0000            537   ;        -----------------------------------------
0000            538   ;         function _c51_external_startup
0000            539   ;        -----------------------------------------
0000            540   __c51_external_startup:
0000            541            using   0
0000            542   ;        Blinky.c:7: SFRPAGE = 0x00;
0000 75A700     543            mov     _SFRPAGE,#0x00
0003            544   ;        Blinky.c:8: WDTCN = 0xDE; //First key
0003 7597DE     545            mov     _WDTCN,#0xDE
0006            546   ;        Blinky.c:9: WDTCN = 0xAD; //Second key
0006 7597AD     547            mov     _WDTCN,#0xAD
0009            548   ;        Blinky.c:11: SFRPAGE = 0x10;
0009 75A710     549            mov     _SFRPAGE,#0x10
000C            550   ;        Blinky.c:12: PFE0CN  = 0x20; // SYSCLK < 75 MHz.
000C 75C120     551            mov     _PFE0CN,#0x20
000F            552   ;        Blinky.c:15: SFRPAGE = 0x00;
000F 75A700     553            mov     _SFRPAGE,#0x00
0012            554   ;        Blinky.c:16: CLKSEL  = 0x00;
0012 75A900     555            mov     _CLKSEL,#0x00
0015            556   ;        Blinky.c:17: CLKSEL  = 0x00;
0015 75A900     557            mov     _CLKSEL,#0x00
0018            558   ;        Blinky.c:18: while ((CLKSEL & 0x80) == 0);
0018            559   L002001?:
0018 E5A9       560            mov     a,_CLKSEL
001A 30E728     561            jnb     acc.7,L002001?
001D            562   ;        Blinky.c:21: CLKSEL = 0x03;
001D 75A903     563            mov     _CLKSEL,#0x03
0020            564   ;        Blinky.c:22: CLKSEL = 0x03;
0020 75A903     565            mov     _CLKSEL,#0x03
0023            566   ;        Blinky.c:23: while ((CLKSEL & 0x80) == 0);
0023            567   L002004?:
0023 E5A9       568            mov     a,_CLKSEL
0025 30E7A8     569            jnb     acc.7,L002004?
0028            570   ;        Blinky.c:26: P2MDOUT = 0b_0000_0010;
0028 75A602     571            mov     _P2MDOUT,#0x02
002B            572   ;        Blinky.c:28: XBR0 = 0X00;
002B 75E100     573            mov     _XBR0,#0x00
002E            574   ;        Blinky.c:29: XBR1 = 0X00;
002E 75E200     575            mov     _XBR1,#0x00
0031            576   ;        Blinky.c:30: XBR2 = 0x40; // Enable crossbar and weak pull-ups
0031 75E340     577            mov     _XBR2,#0x40
0034            578   ;        Blinky.c:32: return 0;
0034 758200     579            mov     dpl,#0x00
0037 22         580            ret
0038            581   ;------------------------------------------------------------
0038            582   ;Allocation info for local variables in function 'delay'
0038            583   ;------------------------------------------------------------
0038            584   ;x                         Allocated to registers r2 r3
0038            585   ;j                         Allocated to registers r4
0038            586   ;------------------------------------------------------------
0038            587   ;        Blinky.c:35: void delay (unsigned int x)
0038            588   ;        -----------------------------------------
0038            589   ;         function delay
0038            590   ;        -----------------------------------------
0038            591   _delay:
0038 AA82       592            mov     r2,dpl
003A AB83       593            mov     r3,dph
003C            594   ;        Blinky.c:38: while(--x)
003C            595   L003001?:
003C 1A         596            dec     r2
003D BAFFA8     597            cjne    r2,#0xff,L003014?
0040 1B         598            dec     r3
0041            599   L003014?:
0041 EA         600            mov     a,r2
0042 4B         601            orl     a,r3
0043 6000       602            jz      L003007?
0045            603   ;        Blinky.c:40: for(j=0; j<100; j++);
0045 7C64       604            mov     r4,#0x64
0047            605   L003006?:
0047 DC28       606            djnz    r4,L003006?
0049 8000       607            sjmp    L003001?
004B            608   L003007?:
004B 22         609            ret
004C            610   ;------------------------------------------------------------
004C            611   ;Allocation info for local variables in function 'main'
004C            612   ;------------------------------------------------------------
004C            613   ;------------------------------------------------------------
004C            614   ;        Blinky.c:44: void main (void)
004C            615   ;        -----------------------------------------
004C            616   ;         function main
004C            617   ;        -----------------------------------------
004C            618   _main:
004C            619   ;        Blinky.c:46: while(1)
004C            620   L004002?:
004C            621   ;        Blinky.c:48: P2_1=!P2_1;
004C B2A1       622            cpl     _P2_1
004E            623   ;        Blinky.c:49: delay(50000);
004E 90C350     624            mov     dptr,#0xC350
0051 120000     625            lcall   _delay
0054 8000       626            sjmp    L004002?
0056            627            rseg R_CSEG
0056            628
0000            629            rseg R_XINIT
0000            630
0000            631            rseg R_CONST
0000            632
0003            633            CSEG
0003            634
0003            635   end
